2012/11/05 10:52:54 [error] [exception.CHttpException.403] exception 'CHttpException' with message 'You are not authorized to perform this action.' in /var/www/yii-1.1.12.b600af/framework/web/auth/CAccessControlFilter.php:170
Stack trace:
#0 /var/www/yii-1.1.12.b600af/framework/web/auth/CAccessControlFilter.php(133): CAccessControlFilter->accessDenied(Object(CWebUser), 'You are not aut...')
#1 /var/www/yii-1.1.12.b600af/framework/web/filters/CFilter.php(39): CAccessControlFilter->preFilter(Object(CFilterChain))
#2 /var/www/yii-1.1.12.b600af/framework/web/CController.php(1146): CFilter->filter(Object(CFilterChain))
#3 /var/www/yii-1.1.12.b600af/framework/web/filters/CInlineFilter.php(59): CController->filterAccessControl(Object(CFilterChain))
#4 /var/www/yii-1.1.12.b600af/framework/web/filters/CFilterChain.php(131): CInlineFilter->filter(Object(CFilterChain))
#5 /var/www/yii-1.1.12.b600af/framework/web/CController.php(292): CFilterChain->run()
#6 /var/www/yii-1.1.12.b600af/framework/web/CController.php(266): CController->runActionWithFilters(Object(CInlineAction), Array)
#7 /var/www/yii-1.1.12.b600af/framework/web/CWebApplication.php(283): CController->run('admin')
#8 /var/www/yii-1.1.12.b600af/framework/web/CWebApplication.php(142): CWebApplication->runController('project/admin')
#9 /var/www/yii-1.1.12.b600af/framework/base/CApplication.php(162): CWebApplication->processRequest()
#10 /var/www/trackstar/index.php(13): CApplication->run()
#11 {main}
REQUEST_URI=/trackstar/index.php?r=project/admin
HTTP_REFERER=http://www.letsdothis.dev/trackstar/index.php?r=project/index
---
2012/11/05 14:14:40 [error] [exception.CHttpException.404] exception 'CHttpException' with message 'The requested project does not exist.' in /var/www/trackstar/protected/controllers/IssueController.php:29
Stack trace:
#0 /var/www/trackstar/protected/controllers/IssueController.php(211): IssueController->loadProject(NULL)
#1 /var/www/yii-1.1.12.b600af/framework/web/filters/CInlineFilter.php(59): IssueController->filterProjectContext(Object(CFilterChain))
#2 /var/www/yii-1.1.12.b600af/framework/web/filters/CFilterChain.php(131): CInlineFilter->filter(Object(CFilterChain))
#3 /var/www/yii-1.1.12.b600af/framework/web/filters/CFilter.php(41): CFilterChain->run()
#4 /var/www/yii-1.1.12.b600af/framework/web/CController.php(1146): CFilter->filter(Object(CFilterChain))
#5 /var/www/yii-1.1.12.b600af/framework/web/filters/CInlineFilter.php(59): CController->filterAccessControl(Object(CFilterChain))
#6 /var/www/yii-1.1.12.b600af/framework/web/filters/CFilterChain.php(131): CInlineFilter->filter(Object(CFilterChain))
#7 /var/www/yii-1.1.12.b600af/framework/web/CController.php(292): CFilterChain->run()
#8 /var/www/yii-1.1.12.b600af/framework/web/CController.php(266): CController->runActionWithFilters(Object(CInlineAction), Array)
#9 /var/www/yii-1.1.12.b600af/framework/web/CWebApplication.php(283): CController->run('create')
#10 /var/www/yii-1.1.12.b600af/framework/web/CWebApplication.php(142): CWebApplication->runController('issue/create')
#11 /var/www/yii-1.1.12.b600af/framework/base/CApplication.php(162): CWebApplication->processRequest()
#12 /var/www/trackstar/index.php(13): CApplication->run()
#13 {main}
REQUEST_URI=/trackstar/index.php?r=issue/create
HTTP_REFERER=http://www.letsdothis.dev/trackstar/index.php?r=site/login
---
2012/11/05 14:14:58 [error] [exception.CHttpException.404] exception 'CHttpException' with message 'The system is unable to find the requested action "list".' in /var/www/yii-1.1.12.b600af/framework/web/CController.php:484
Stack trace:
#0 /var/www/yii-1.1.12.b600af/framework/web/CController.php(271): CController->missingAction('list')
#1 /var/www/yii-1.1.12.b600af/framework/web/CWebApplication.php(283): CController->run('list')
#2 /var/www/yii-1.1.12.b600af/framework/web/CWebApplication.php(142): CWebApplication->runController('issue/list')
#3 /var/www/yii-1.1.12.b600af/framework/base/CApplication.php(162): CWebApplication->processRequest()
#4 /var/www/trackstar/index.php(13): CApplication->run()
#5 {main}
REQUEST_URI=/trackstar/index.php?r=issue/list
---
2012/11/05 14:15:24 [error] [exception.CHttpException.404] exception 'CHttpException' with message 'The requested project does not exist.' in /var/www/trackstar/protected/controllers/IssueController.php:29
Stack trace:
#0 /var/www/trackstar/protected/controllers/IssueController.php(211): IssueController->loadProject(NULL)
#1 /var/www/yii-1.1.12.b600af/framework/web/filters/CInlineFilter.php(59): IssueController->filterProjectContext(Object(CFilterChain))
#2 /var/www/yii-1.1.12.b600af/framework/web/filters/CFilterChain.php(131): CInlineFilter->filter(Object(CFilterChain))
#3 /var/www/yii-1.1.12.b600af/framework/web/filters/CFilter.php(41): CFilterChain->run()
#4 /var/www/yii-1.1.12.b600af/framework/web/CController.php(1146): CFilter->filter(Object(CFilterChain))
#5 /var/www/yii-1.1.12.b600af/framework/web/filters/CInlineFilter.php(59): CController->filterAccessControl(Object(CFilterChain))
#6 /var/www/yii-1.1.12.b600af/framework/web/filters/CFilterChain.php(131): CInlineFilter->filter(Object(CFilterChain))
#7 /var/www/yii-1.1.12.b600af/framework/web/CController.php(292): CFilterChain->run()
#8 /var/www/yii-1.1.12.b600af/framework/web/CController.php(266): CController->runActionWithFilters(Object(CInlineAction), Array)
#9 /var/www/yii-1.1.12.b600af/framework/web/CWebApplication.php(283): CController->run('create')
#10 /var/www/yii-1.1.12.b600af/framework/web/CWebApplication.php(142): CWebApplication->runController('issue/create')
#11 /var/www/yii-1.1.12.b600af/framework/base/CApplication.php(162): CWebApplication->processRequest()
#12 /var/www/trackstar/index.php(13): CApplication->run()
#13 {main}
REQUEST_URI=/trackstar/index.php?r=issue/create
HTTP_REFERER=http://www.letsdothis.dev/trackstar/index.php?r=issue
---
2012/11/05 14:19:56 [error] [exception.CHttpException.404] exception 'CHttpException' with message 'The requested project does not exist.' in /var/www/trackstar/protected/controllers/IssueController.php:29
Stack trace:
#0 /var/www/trackstar/protected/controllers/IssueController.php(211): IssueController->loadProject(NULL)
#1 /var/www/yii-1.1.12.b600af/framework/web/filters/CInlineFilter.php(59): IssueController->filterProjectContext(Object(CFilterChain))
#2 /var/www/yii-1.1.12.b600af/framework/web/filters/CFilterChain.php(131): CInlineFilter->filter(Object(CFilterChain))
#3 /var/www/yii-1.1.12.b600af/framework/web/filters/CFilter.php(41): CFilterChain->run()
#4 /var/www/yii-1.1.12.b600af/framework/web/CController.php(1146): CFilter->filter(Object(CFilterChain))
#5 /var/www/yii-1.1.12.b600af/framework/web/filters/CInlineFilter.php(59): CController->filterAccessControl(Object(CFilterChain))
#6 /var/www/yii-1.1.12.b600af/framework/web/filters/CFilterChain.php(131): CInlineFilter->filter(Object(CFilterChain))
#7 /var/www/yii-1.1.12.b600af/framework/web/CController.php(292): CFilterChain->run()
#8 /var/www/yii-1.1.12.b600af/framework/web/CController.php(266): CController->runActionWithFilters(Object(CInlineAction), Array)
#9 /var/www/yii-1.1.12.b600af/framework/web/CWebApplication.php(283): CController->run('create')
#10 /var/www/yii-1.1.12.b600af/framework/web/CWebApplication.php(142): CWebApplication->runController('issue/create')
#11 /var/www/yii-1.1.12.b600af/framework/base/CApplication.php(162): CWebApplication->processRequest()
#12 /var/www/trackstar/index.php(13): CApplication->run()
#13 {main}
REQUEST_URI=/trackstar/index.php?r=issue/create&0=pid
HTTP_REFERER=http://www.letsdothis.dev/trackstar/index.php?r=issue/index
---
2012/11/05 17:52:05 [error] [exception.CHttpException.404] exception 'CHttpException' with message 'The requested project does not exist.' in /var/www/trackstar/protected/controllers/IssueController.php:29
Stack trace:
#0 /var/www/trackstar/protected/controllers/IssueController.php(211): IssueController->loadProject(NULL)
#1 /var/www/yii-1.1.12.b600af/framework/web/filters/CInlineFilter.php(59): IssueController->filterProjectContext(Object(CFilterChain))
#2 /var/www/yii-1.1.12.b600af/framework/web/filters/CFilterChain.php(131): CInlineFilter->filter(Object(CFilterChain))
#3 /var/www/yii-1.1.12.b600af/framework/web/filters/CFilter.php(41): CFilterChain->run()
#4 /var/www/yii-1.1.12.b600af/framework/web/CController.php(1146): CFilter->filter(Object(CFilterChain))
#5 /var/www/yii-1.1.12.b600af/framework/web/filters/CInlineFilter.php(59): CController->filterAccessControl(Object(CFilterChain))
#6 /var/www/yii-1.1.12.b600af/framework/web/filters/CFilterChain.php(131): CInlineFilter->filter(Object(CFilterChain))
#7 /var/www/yii-1.1.12.b600af/framework/web/CController.php(292): CFilterChain->run()
#8 /var/www/yii-1.1.12.b600af/framework/web/CController.php(266): CController->runActionWithFilters(Object(CInlineAction), Array)
#9 /var/www/yii-1.1.12.b600af/framework/web/CWebApplication.php(283): CController->run('create')
#10 /var/www/yii-1.1.12.b600af/framework/web/CWebApplication.php(142): CWebApplication->runController('issue/create')
#11 /var/www/yii-1.1.12.b600af/framework/base/CApplication.php(162): CWebApplication->processRequest()
#12 /var/www/trackstar/index.php(13): CApplication->run()
#13 {main}
REQUEST_URI=/trackstar/index.php?r=issue/create
HTTP_REFERER=http://www.letsdothis.dev/trackstar/index.php?r=site/login
---
2012/11/05 17:52:49 [error] [exception.CHttpException.404] exception 'CHttpException' with message 'The requested project does not exist.' in /var/www/trackstar/protected/controllers/IssueController.php:29
Stack trace:
#0 /var/www/trackstar/protected/controllers/IssueController.php(211): IssueController->loadProject(NULL)
#1 /var/www/yii-1.1.12.b600af/framework/web/filters/CInlineFilter.php(59): IssueController->filterProjectContext(Object(CFilterChain))
#2 /var/www/yii-1.1.12.b600af/framework/web/filters/CFilterChain.php(131): CInlineFilter->filter(Object(CFilterChain))
#3 /var/www/yii-1.1.12.b600af/framework/web/filters/CFilter.php(41): CFilterChain->run()
#4 /var/www/yii-1.1.12.b600af/framework/web/CController.php(1146): CFilter->filter(Object(CFilterChain))
#5 /var/www/yii-1.1.12.b600af/framework/web/filters/CInlineFilter.php(59): CController->filterAccessControl(Object(CFilterChain))
#6 /var/www/yii-1.1.12.b600af/framework/web/filters/CFilterChain.php(131): CInlineFilter->filter(Object(CFilterChain))
#7 /var/www/yii-1.1.12.b600af/framework/web/CController.php(292): CFilterChain->run()
#8 /var/www/yii-1.1.12.b600af/framework/web/CController.php(266): CController->runActionWithFilters(Object(CInlineAction), Array)
#9 /var/www/yii-1.1.12.b600af/framework/web/CWebApplication.php(283): CController->run('create')
#10 /var/www/yii-1.1.12.b600af/framework/web/CWebApplication.php(142): CWebApplication->runController('issue/create')
#11 /var/www/yii-1.1.12.b600af/framework/base/CApplication.php(162): CWebApplication->processRequest()
#12 /var/www/trackstar/index.php(13): CApplication->run()
#13 {main}
REQUEST_URI=/trackstar/index.php?r=issue/create
HTTP_REFERER=http://www.letsdothis.dev/trackstar/index.php?r=site/login
---
2012/11/05 18:33:43 [error] [exception.CException] exception 'CException' with message 'Issue and its behaviors do not have a method or closure named "getProject".' in /var/www/yii-1.1.12.b600af/framework/base/CComponent.php:266
Stack trace:
#0 /var/www/yii-1.1.12.b600af/framework/db/ar/CActiveRecord.php(226): CComponent->__call('getProject', Array)
#1 /var/www/trackstar/protected/views/issue/_form.php(49): CActiveRecord->__call('getProject', Array)
#2 /var/www/trackstar/protected/views/issue/_form.php(49): Issue->getProject()
#3 /var/www/yii-1.1.12.b600af/framework/web/CBaseController.php(127): require('/var/www/tracks...')
#4 /var/www/yii-1.1.12.b600af/framework/web/CBaseController.php(96): CBaseController->renderInternal('/var/www/tracks...', Array, true)
#5 /var/www/yii-1.1.12.b600af/framework/web/CController.php(870): CBaseController->renderFile('/var/www/tracks...', Array, true)
#6 /var/www/trackstar/protected/views/issue/create.php(18): CController->renderPartial('_form', Array)
#7 /var/www/yii-1.1.12.b600af/framework/web/CBaseController.php(127): require('/var/www/tracks...')
#8 /var/www/yii-1.1.12.b600af/framework/web/CBaseController.php(96): CBaseController->renderInternal('/var/www/tracks...', Array, true)
#9 /var/www/yii-1.1.12.b600af/framework/web/CController.php(870): CBaseController->renderFile('/var/www/tracks...', Array, true)
#10 /var/www/yii-1.1.12.b600af/framework/web/CController.php(783): CController->renderPartial('create', Array, true)
#11 /var/www/trackstar/protected/controllers/IssueController.php(105): CController->render('create', Array)
#12 /var/www/yii-1.1.12.b600af/framework/web/actions/CInlineAction.php(50): IssueController->actionCreate()
#13 /var/www/yii-1.1.12.b600af/framework/web/CController.php(309): CInlineAction->runWithParams(Array)
#14 /var/www/yii-1.1.12.b600af/framework/web/filters/CFilterChain.php(134): CController->runAction(Object(CInlineAction))
#15 /var/www/trackstar/protected/controllers/IssueController.php(216): CFilterChain->run()
#16 /var/www/yii-1.1.12.b600af/framework/web/filters/CInlineFilter.php(59): IssueController->filterProjectContext(Object(CFilterChain))
#17 /var/www/yii-1.1.12.b600af/framework/web/filters/CFilterChain.php(131): CInlineFilter->filter(Object(CFilterChain))
#18 /var/www/yii-1.1.12.b600af/framework/web/filters/CFilter.php(41): CFilterChain->run()
#19 /var/www/yii-1.1.12.b600af/framework/web/CController.php(1146): CFilter->filter(Object(CFilterChain))
#20 /var/www/yii-1.1.12.b600af/framework/web/filters/CInlineFilter.php(59): CController->filterAccessControl(Object(CFilterChain))
#21 /var/www/yii-1.1.12.b600af/framework/web/filters/CFilterChain.php(131): CInlineFilter->filter(Object(CFilterChain))
#22 /var/www/yii-1.1.12.b600af/framework/web/CController.php(292): CFilterChain->run()
#23 /var/www/yii-1.1.12.b600af/framework/web/CController.php(266): CController->runActionWithFilters(Object(CInlineAction), Array)
#24 /var/www/yii-1.1.12.b600af/framework/web/CWebApplication.php(283): CController->run('create')
#25 /var/www/yii-1.1.12.b600af/framework/web/CWebApplication.php(142): CWebApplication->runController('issue/create')
#26 /var/www/yii-1.1.12.b600af/framework/base/CApplication.php(162): CWebApplication->processRequest()
#27 /var/www/trackstar/index.php(13): CApplication->run()
#28 {main}
REQUEST_URI=/trackstar/index.php?r=issue/create&pid=2
---
2012/11/05 18:36:27 [error] [exception.CException] exception 'CException' with message 'Issue and its behaviors do not have a method or closure named "getProject".' in /var/www/yii-1.1.12.b600af/framework/base/CComponent.php:266
Stack trace:
#0 /var/www/yii-1.1.12.b600af/framework/db/ar/CActiveRecord.php(226): CComponent->__call('getProject', Array)
#1 /var/www/trackstar/protected/views/issue/_form.php(49): CActiveRecord->__call('getProject', Array)
#2 /var/www/trackstar/protected/views/issue/_form.php(49): Issue->getProject()
#3 /var/www/yii-1.1.12.b600af/framework/web/CBaseController.php(127): require('/var/www/tracks...')
#4 /var/www/yii-1.1.12.b600af/framework/web/CBaseController.php(96): CBaseController->renderInternal('/var/www/tracks...', Array, true)
#5 /var/www/yii-1.1.12.b600af/framework/web/CController.php(870): CBaseController->renderFile('/var/www/tracks...', Array, true)
#6 /var/www/trackstar/protected/views/issue/create.php(18): CController->renderPartial('_form', Array)
#7 /var/www/yii-1.1.12.b600af/framework/web/CBaseController.php(127): require('/var/www/tracks...')
#8 /var/www/yii-1.1.12.b600af/framework/web/CBaseController.php(96): CBaseController->renderInternal('/var/www/tracks...', Array, true)
#9 /var/www/yii-1.1.12.b600af/framework/web/CController.php(870): CBaseController->renderFile('/var/www/tracks...', Array, true)
#10 /var/www/yii-1.1.12.b600af/framework/web/CController.php(783): CController->renderPartial('create', Array, true)
#11 /var/www/trackstar/protected/controllers/IssueController.php(105): CController->render('create', Array)
#12 /var/www/yii-1.1.12.b600af/framework/web/actions/CInlineAction.php(50): IssueController->actionCreate()
#13 /var/www/yii-1.1.12.b600af/framework/web/CController.php(309): CInlineAction->runWithParams(Array)
#14 /var/www/yii-1.1.12.b600af/framework/web/filters/CFilterChain.php(134): CController->runAction(Object(CInlineAction))
#15 /var/www/trackstar/protected/controllers/IssueController.php(216): CFilterChain->run()
#16 /var/www/yii-1.1.12.b600af/framework/web/filters/CInlineFilter.php(59): IssueController->filterProjectContext(Object(CFilterChain))
#17 /var/www/yii-1.1.12.b600af/framework/web/filters/CFilterChain.php(131): CInlineFilter->filter(Object(CFilterChain))
#18 /var/www/yii-1.1.12.b600af/framework/web/filters/CFilter.php(41): CFilterChain->run()
#19 /var/www/yii-1.1.12.b600af/framework/web/CController.php(1146): CFilter->filter(Object(CFilterChain))
#20 /var/www/yii-1.1.12.b600af/framework/web/filters/CInlineFilter.php(59): CController->filterAccessControl(Object(CFilterChain))
#21 /var/www/yii-1.1.12.b600af/framework/web/filters/CFilterChain.php(131): CInlineFilter->filter(Object(CFilterChain))
#22 /var/www/yii-1.1.12.b600af/framework/web/CController.php(292): CFilterChain->run()
#23 /var/www/yii-1.1.12.b600af/framework/web/CController.php(266): CController->runActionWithFilters(Object(CInlineAction), Array)
#24 /var/www/yii-1.1.12.b600af/framework/web/CWebApplication.php(283): CController->run('create')
#25 /var/www/yii-1.1.12.b600af/framework/web/CWebApplication.php(142): CWebApplication->runController('issue/create')
#26 /var/www/yii-1.1.12.b600af/framework/base/CApplication.php(162): CWebApplication->processRequest()
#27 /var/www/trackstar/index.php(13): CApplication->run()
#28 {main}
REQUEST_URI=/trackstar/index.php?r=issue/create&pid=2
---
2012/11/05 18:38:12 [error] [exception.CException] exception 'CException' with message 'Issue and its behaviors do not have a method or closure named "getProject".' in /var/www/yii-1.1.12.b600af/framework/base/CComponent.php:266
Stack trace:
#0 /var/www/yii-1.1.12.b600af/framework/db/ar/CActiveRecord.php(226): CComponent->__call('getProject', Array)
#1 /var/www/trackstar/protected/views/issue/_form.php(49): CActiveRecord->__call('getProject', Array)
#2 /var/www/trackstar/protected/views/issue/_form.php(49): Issue->getProject()
#3 /var/www/yii-1.1.12.b600af/framework/web/CBaseController.php(127): require('/var/www/tracks...')
#4 /var/www/yii-1.1.12.b600af/framework/web/CBaseController.php(96): CBaseController->renderInternal('/var/www/tracks...', Array, true)
#5 /var/www/yii-1.1.12.b600af/framework/web/CController.php(870): CBaseController->renderFile('/var/www/tracks...', Array, true)
#6 /var/www/trackstar/protected/views/issue/create.php(18): CController->renderPartial('_form', Array)
#7 /var/www/yii-1.1.12.b600af/framework/web/CBaseController.php(127): require('/var/www/tracks...')
#8 /var/www/yii-1.1.12.b600af/framework/web/CBaseController.php(96): CBaseController->renderInternal('/var/www/tracks...', Array, true)
#9 /var/www/yii-1.1.12.b600af/framework/web/CController.php(870): CBaseController->renderFile('/var/www/tracks...', Array, true)
#10 /var/www/yii-1.1.12.b600af/framework/web/CController.php(783): CController->renderPartial('create', Array, true)
#11 /var/www/trackstar/protected/controllers/IssueController.php(105): CController->render('create', Array)
#12 /var/www/yii-1.1.12.b600af/framework/web/actions/CInlineAction.php(50): IssueController->actionCreate()
#13 /var/www/yii-1.1.12.b600af/framework/web/CController.php(309): CInlineAction->runWithParams(Array)
#14 /var/www/yii-1.1.12.b600af/framework/web/filters/CFilterChain.php(134): CController->runAction(Object(CInlineAction))
#15 /var/www/trackstar/protected/controllers/IssueController.php(216): CFilterChain->run()
#16 /var/www/yii-1.1.12.b600af/framework/web/filters/CInlineFilter.php(59): IssueController->filterProjectContext(Object(CFilterChain))
#17 /var/www/yii-1.1.12.b600af/framework/web/filters/CFilterChain.php(131): CInlineFilter->filter(Object(CFilterChain))
#18 /var/www/yii-1.1.12.b600af/framework/web/filters/CFilter.php(41): CFilterChain->run()
#19 /var/www/yii-1.1.12.b600af/framework/web/CController.php(1146): CFilter->filter(Object(CFilterChain))
#20 /var/www/yii-1.1.12.b600af/framework/web/filters/CInlineFilter.php(59): CController->filterAccessControl(Object(CFilterChain))
#21 /var/www/yii-1.1.12.b600af/framework/web/filters/CFilterChain.php(131): CInlineFilter->filter(Object(CFilterChain))
#22 /var/www/yii-1.1.12.b600af/framework/web/CController.php(292): CFilterChain->run()
#23 /var/www/yii-1.1.12.b600af/framework/web/CController.php(266): CController->runActionWithFilters(Object(CInlineAction), Array)
#24 /var/www/yii-1.1.12.b600af/framework/web/CWebApplication.php(283): CController->run('create')
#25 /var/www/yii-1.1.12.b600af/framework/web/CWebApplication.php(142): CWebApplication->runController('issue/create')
#26 /var/www/yii-1.1.12.b600af/framework/base/CApplication.php(162): CWebApplication->processRequest()
#27 /var/www/trackstar/index.php(13): CApplication->run()
#28 {main}
REQUEST_URI=/trackstar/index.php?r=issue/create&pid=2
---
2012/11/05 18:38:14 [error] [exception.CException] exception 'CException' with message 'Issue and its behaviors do not have a method or closure named "getProject".' in /var/www/yii-1.1.12.b600af/framework/base/CComponent.php:266
Stack trace:
#0 /var/www/yii-1.1.12.b600af/framework/db/ar/CActiveRecord.php(226): CComponent->__call('getProject', Array)
#1 /var/www/trackstar/protected/views/issue/_form.php(49): CActiveRecord->__call('getProject', Array)
#2 /var/www/trackstar/protected/views/issue/_form.php(49): Issue->getProject()
#3 /var/www/yii-1.1.12.b600af/framework/web/CBaseController.php(127): require('/var/www/tracks...')
#4 /var/www/yii-1.1.12.b600af/framework/web/CBaseController.php(96): CBaseController->renderInternal('/var/www/tracks...', Array, true)
#5 /var/www/yii-1.1.12.b600af/framework/web/CController.php(870): CBaseController->renderFile('/var/www/tracks...', Array, true)
#6 /var/www/trackstar/protected/views/issue/create.php(18): CController->renderPartial('_form', Array)
#7 /var/www/yii-1.1.12.b600af/framework/web/CBaseController.php(127): require('/var/www/tracks...')
#8 /var/www/yii-1.1.12.b600af/framework/web/CBaseController.php(96): CBaseController->renderInternal('/var/www/tracks...', Array, true)
#9 /var/www/yii-1.1.12.b600af/framework/web/CController.php(870): CBaseController->renderFile('/var/www/tracks...', Array, true)
#10 /var/www/yii-1.1.12.b600af/framework/web/CController.php(783): CController->renderPartial('create', Array, true)
#11 /var/www/trackstar/protected/controllers/IssueController.php(105): CController->render('create', Array)
#12 /var/www/yii-1.1.12.b600af/framework/web/actions/CInlineAction.php(50): IssueController->actionCreate()
#13 /var/www/yii-1.1.12.b600af/framework/web/CController.php(309): CInlineAction->runWithParams(Array)
#14 /var/www/yii-1.1.12.b600af/framework/web/filters/CFilterChain.php(134): CController->runAction(Object(CInlineAction))
#15 /var/www/trackstar/protected/controllers/IssueController.php(216): CFilterChain->run()
#16 /var/www/yii-1.1.12.b600af/framework/web/filters/CInlineFilter.php(59): IssueController->filterProjectContext(Object(CFilterChain))
#17 /var/www/yii-1.1.12.b600af/framework/web/filters/CFilterChain.php(131): CInlineFilter->filter(Object(CFilterChain))
#18 /var/www/yii-1.1.12.b600af/framework/web/filters/CFilter.php(41): CFilterChain->run()
#19 /var/www/yii-1.1.12.b600af/framework/web/CController.php(1146): CFilter->filter(Object(CFilterChain))
#20 /var/www/yii-1.1.12.b600af/framework/web/filters/CInlineFilter.php(59): CController->filterAccessControl(Object(CFilterChain))
#21 /var/www/yii-1.1.12.b600af/framework/web/filters/CFilterChain.php(131): CInlineFilter->filter(Object(CFilterChain))
#22 /var/www/yii-1.1.12.b600af/framework/web/CController.php(292): CFilterChain->run()
#23 /var/www/yii-1.1.12.b600af/framework/web/CController.php(266): CController->runActionWithFilters(Object(CInlineAction), Array)
#24 /var/www/yii-1.1.12.b600af/framework/web/CWebApplication.php(283): CController->run('create')
#25 /var/www/yii-1.1.12.b600af/framework/web/CWebApplication.php(142): CWebApplication->runController('issue/create')
#26 /var/www/yii-1.1.12.b600af/framework/base/CApplication.php(162): CWebApplication->processRequest()
#27 /var/www/trackstar/index.php(13): CApplication->run()
#28 {main}
REQUEST_URI=/trackstar/index.php?r=issue/create&pid=2
---
2012/11/05 18:38:24 [error] [exception.CException] exception 'CException' with message 'Issue and its behaviors do not have a method or closure named "getProject".' in /var/www/yii-1.1.12.b600af/framework/base/CComponent.php:266
Stack trace:
#0 /var/www/yii-1.1.12.b600af/framework/db/ar/CActiveRecord.php(226): CComponent->__call('getProject', Array)
#1 /var/www/trackstar/protected/views/issue/_form.php(49): CActiveRecord->__call('getProject', Array)
#2 /var/www/trackstar/protected/views/issue/_form.php(49): Issue->getProject()
#3 /var/www/yii-1.1.12.b600af/framework/web/CBaseController.php(127): require('/var/www/tracks...')
#4 /var/www/yii-1.1.12.b600af/framework/web/CBaseController.php(96): CBaseController->renderInternal('/var/www/tracks...', Array, true)
#5 /var/www/yii-1.1.12.b600af/framework/web/CController.php(870): CBaseController->renderFile('/var/www/tracks...', Array, true)
#6 /var/www/trackstar/protected/views/issue/create.php(18): CController->renderPartial('_form', Array)
#7 /var/www/yii-1.1.12.b600af/framework/web/CBaseController.php(127): require('/var/www/tracks...')
#8 /var/www/yii-1.1.12.b600af/framework/web/CBaseController.php(96): CBaseController->renderInternal('/var/www/tracks...', Array, true)
#9 /var/www/yii-1.1.12.b600af/framework/web/CController.php(870): CBaseController->renderFile('/var/www/tracks...', Array, true)
#10 /var/www/yii-1.1.12.b600af/framework/web/CController.php(783): CController->renderPartial('create', Array, true)
#11 /var/www/trackstar/protected/controllers/IssueController.php(105): CController->render('create', Array)
#12 /var/www/yii-1.1.12.b600af/framework/web/actions/CInlineAction.php(50): IssueController->actionCreate()
#13 /var/www/yii-1.1.12.b600af/framework/web/CController.php(309): CInlineAction->runWithParams(Array)
#14 /var/www/yii-1.1.12.b600af/framework/web/filters/CFilterChain.php(134): CController->runAction(Object(CInlineAction))
#15 /var/www/trackstar/protected/controllers/IssueController.php(216): CFilterChain->run()
#16 /var/www/yii-1.1.12.b600af/framework/web/filters/CInlineFilter.php(59): IssueController->filterProjectContext(Object(CFilterChain))
#17 /var/www/yii-1.1.12.b600af/framework/web/filters/CFilterChain.php(131): CInlineFilter->filter(Object(CFilterChain))
#18 /var/www/yii-1.1.12.b600af/framework/web/filters/CFilter.php(41): CFilterChain->run()
#19 /var/www/yii-1.1.12.b600af/framework/web/CController.php(1146): CFilter->filter(Object(CFilterChain))
#20 /var/www/yii-1.1.12.b600af/framework/web/filters/CInlineFilter.php(59): CController->filterAccessControl(Object(CFilterChain))
#21 /var/www/yii-1.1.12.b600af/framework/web/filters/CFilterChain.php(131): CInlineFilter->filter(Object(CFilterChain))
#22 /var/www/yii-1.1.12.b600af/framework/web/CController.php(292): CFilterChain->run()
#23 /var/www/yii-1.1.12.b600af/framework/web/CController.php(266): CController->runActionWithFilters(Object(CInlineAction), Array)
#24 /var/www/yii-1.1.12.b600af/framework/web/CWebApplication.php(283): CController->run('create')
#25 /var/www/yii-1.1.12.b600af/framework/web/CWebApplication.php(142): CWebApplication->runController('issue/create')
#26 /var/www/yii-1.1.12.b600af/framework/base/CApplication.php(162): CWebApplication->processRequest()
#27 /var/www/trackstar/index.php(13): CApplication->run()
#28 {main}
REQUEST_URI=/trackstar/index.php?r=issue/create&pid=2
HTTP_REFERER=http://www.letsdothis.dev/trackstar/index.php?r=project/view&id=2
---
2012/11/05 18:44:14 [error] [exception.CException] exception 'CException' with message 'Issue and its behaviors do not have a method or closure named "getProject".' in /var/www/yii-1.1.12.b600af/framework/base/CComponent.php:266
Stack trace:
#0 /var/www/yii-1.1.12.b600af/framework/db/ar/CActiveRecord.php(226): CComponent->__call('getProject', Array)
#1 /var/www/trackstar/protected/views/issue/_form.php(49): CActiveRecord->__call('getProject', Array)
#2 /var/www/trackstar/protected/views/issue/_form.php(49): Issue->getProject()
#3 /var/www/yii-1.1.12.b600af/framework/web/CBaseController.php(127): require('/var/www/tracks...')
#4 /var/www/yii-1.1.12.b600af/framework/web/CBaseController.php(96): CBaseController->renderInternal('/var/www/tracks...', Array, true)
#5 /var/www/yii-1.1.12.b600af/framework/web/CController.php(870): CBaseController->renderFile('/var/www/tracks...', Array, true)
#6 /var/www/trackstar/protected/views/issue/create.php(18): CController->renderPartial('_form', Array)
#7 /var/www/yii-1.1.12.b600af/framework/web/CBaseController.php(127): require('/var/www/tracks...')
#8 /var/www/yii-1.1.12.b600af/framework/web/CBaseController.php(96): CBaseController->renderInternal('/var/www/tracks...', Array, true)
#9 /var/www/yii-1.1.12.b600af/framework/web/CController.php(870): CBaseController->renderFile('/var/www/tracks...', Array, true)
#10 /var/www/yii-1.1.12.b600af/framework/web/CController.php(783): CController->renderPartial('create', Array, true)
#11 /var/www/trackstar/protected/controllers/IssueController.php(105): CController->render('create', Array)
#12 /var/www/yii-1.1.12.b600af/framework/web/actions/CInlineAction.php(50): IssueController->actionCreate()
#13 /var/www/yii-1.1.12.b600af/framework/web/CController.php(309): CInlineAction->runWithParams(Array)
#14 /var/www/yii-1.1.12.b600af/framework/web/filters/CFilterChain.php(134): CController->runAction(Object(CInlineAction))
#15 /var/www/trackstar/protected/controllers/IssueController.php(216): CFilterChain->run()
#16 /var/www/yii-1.1.12.b600af/framework/web/filters/CInlineFilter.php(59): IssueController->filterProjectContext(Object(CFilterChain))
#17 /var/www/yii-1.1.12.b600af/framework/web/filters/CFilterChain.php(131): CInlineFilter->filter(Object(CFilterChain))
#18 /var/www/yii-1.1.12.b600af/framework/web/filters/CFilter.php(41): CFilterChain->run()
#19 /var/www/yii-1.1.12.b600af/framework/web/CController.php(1146): CFilter->filter(Object(CFilterChain))
#20 /var/www/yii-1.1.12.b600af/framework/web/filters/CInlineFilter.php(59): CController->filterAccessControl(Object(CFilterChain))
#21 /var/www/yii-1.1.12.b600af/framework/web/filters/CFilterChain.php(131): CInlineFilter->filter(Object(CFilterChain))
#22 /var/www/yii-1.1.12.b600af/framework/web/CController.php(292): CFilterChain->run()
#23 /var/www/yii-1.1.12.b600af/framework/web/CController.php(266): CController->runActionWithFilters(Object(CInlineAction), Array)
#24 /var/www/yii-1.1.12.b600af/framework/web/CWebApplication.php(283): CController->run('create')
#25 /var/www/yii-1.1.12.b600af/framework/web/CWebApplication.php(142): CWebApplication->runController('issue/create')
#26 /var/www/yii-1.1.12.b600af/framework/base/CApplication.php(162): CWebApplication->processRequest()
#27 /var/www/trackstar/index.php(13): CApplication->run()
#28 {main}
REQUEST_URI=/trackstar/index.php?r=issue/create&pid=2
---
2012/11/05 18:45:17 [error] [exception.CException] exception 'CException' with message 'Issue and its behaviors do not have a method or closure named "getProject".' in /var/www/yii-1.1.12.b600af/framework/base/CComponent.php:266
Stack trace:
#0 /var/www/yii-1.1.12.b600af/framework/db/ar/CActiveRecord.php(226): CComponent->__call('getProject', Array)
#1 /var/www/trackstar/protected/views/issue/_form.php(49): CActiveRecord->__call('getProject', Array)
#2 /var/www/trackstar/protected/views/issue/_form.php(49): Issue->getProject()
#3 /var/www/yii-1.1.12.b600af/framework/web/CBaseController.php(127): require('/var/www/tracks...')
#4 /var/www/yii-1.1.12.b600af/framework/web/CBaseController.php(96): CBaseController->renderInternal('/var/www/tracks...', Array, true)
#5 /var/www/yii-1.1.12.b600af/framework/web/CController.php(870): CBaseController->renderFile('/var/www/tracks...', Array, true)
#6 /var/www/trackstar/protected/views/issue/create.php(18): CController->renderPartial('_form', Array)
#7 /var/www/yii-1.1.12.b600af/framework/web/CBaseController.php(127): require('/var/www/tracks...')
#8 /var/www/yii-1.1.12.b600af/framework/web/CBaseController.php(96): CBaseController->renderInternal('/var/www/tracks...', Array, true)
#9 /var/www/yii-1.1.12.b600af/framework/web/CController.php(870): CBaseController->renderFile('/var/www/tracks...', Array, true)
#10 /var/www/yii-1.1.12.b600af/framework/web/CController.php(783): CController->renderPartial('create', Array, true)
#11 /var/www/trackstar/protected/controllers/IssueController.php(105): CController->render('create', Array)
#12 /var/www/yii-1.1.12.b600af/framework/web/actions/CInlineAction.php(50): IssueController->actionCreate()
#13 /var/www/yii-1.1.12.b600af/framework/web/CController.php(309): CInlineAction->runWithParams(Array)
#14 /var/www/yii-1.1.12.b600af/framework/web/filters/CFilterChain.php(134): CController->runAction(Object(CInlineAction))
#15 /var/www/trackstar/protected/controllers/IssueController.php(216): CFilterChain->run()
#16 /var/www/yii-1.1.12.b600af/framework/web/filters/CInlineFilter.php(59): IssueController->filterProjectContext(Object(CFilterChain))
#17 /var/www/yii-1.1.12.b600af/framework/web/filters/CFilterChain.php(131): CInlineFilter->filter(Object(CFilterChain))
#18 /var/www/yii-1.1.12.b600af/framework/web/filters/CFilter.php(41): CFilterChain->run()
#19 /var/www/yii-1.1.12.b600af/framework/web/CController.php(1146): CFilter->filter(Object(CFilterChain))
#20 /var/www/yii-1.1.12.b600af/framework/web/filters/CInlineFilter.php(59): CController->filterAccessControl(Object(CFilterChain))
#21 /var/www/yii-1.1.12.b600af/framework/web/filters/CFilterChain.php(131): CInlineFilter->filter(Object(CFilterChain))
#22 /var/www/yii-1.1.12.b600af/framework/web/CController.php(292): CFilterChain->run()
#23 /var/www/yii-1.1.12.b600af/framework/web/CController.php(266): CController->runActionWithFilters(Object(CInlineAction), Array)
#24 /var/www/yii-1.1.12.b600af/framework/web/CWebApplication.php(283): CController->run('create')
#25 /var/www/yii-1.1.12.b600af/framework/web/CWebApplication.php(142): CWebApplication->runController('issue/create')
#26 /var/www/yii-1.1.12.b600af/framework/base/CApplication.php(162): CWebApplication->processRequest()
#27 /var/www/trackstar/index.php(13): CApplication->run()
#28 {main}
REQUEST_URI=/trackstar/index.php?r=issue/create&pid=1
HTTP_REFERER=http://www.letsdothis.dev/trackstar/index.php?r=project/view&id=1
---
2012/11/08 11:28:25 [error] [php] Missing argument 1 for ProjectController::loadModel(), called in /var/www/trackstar/protected/controllers/ProjectController.php on line 56 and defined (/var/www/trackstar/protected/controllers/ProjectController.php:158)
Stack trace:
#0 /var/www/yii-1.1.12.b600af/framework/web/CController.php(309): CInlineAction->runWithParams()
#1 /var/www/yii-1.1.12.b600af/framework/web/filters/CFilterChain.php(134): ProjectController->runAction()
#2 /var/www/yii-1.1.12.b600af/framework/web/filters/CFilter.php(41): CFilterChain->run()
#3 /var/www/yii-1.1.12.b600af/framework/web/CController.php(1146): CAccessControlFilter->filter()
#4 /var/www/yii-1.1.12.b600af/framework/web/filters/CInlineFilter.php(59): ProjectController->filterAccessControl()
#5 /var/www/yii-1.1.12.b600af/framework/web/filters/CFilterChain.php(131): CInlineFilter->filter()
#6 /var/www/yii-1.1.12.b600af/framework/web/CController.php(292): CFilterChain->run()
#7 /var/www/yii-1.1.12.b600af/framework/web/CController.php(266): ProjectController->runActionWithFilters()
#8 /var/www/yii-1.1.12.b600af/framework/web/CWebApplication.php(283): ProjectController->run()
#9 /var/www/yii-1.1.12.b600af/framework/web/CWebApplication.php(142): CWebApplication->runController()
#10 /var/www/yii-1.1.12.b600af/framework/base/CApplication.php(162): CWebApplication->processRequest()
#11 /var/www/trackstar/index.php(13): CWebApplication->run()
REQUEST_URI=/trackstar/index.php?r=project/view&id=1
in /var/www/trackstar/protected/controllers/ProjectController.php (158)
in /var/www/trackstar/protected/controllers/ProjectController.php (56)
in /var/www/trackstar/index.php (13)
2012/11/08 11:29:10 [error] [php] Undefined variable: id (/var/www/trackstar/protected/controllers/ProjectController.php:160)
Stack trace:
#0 /var/www/yii-1.1.12.b600af/framework/web/CController.php(309): CInlineAction->runWithParams()
#1 /var/www/yii-1.1.12.b600af/framework/web/filters/CFilterChain.php(134): ProjectController->runAction()
#2 /var/www/yii-1.1.12.b600af/framework/web/filters/CFilter.php(41): CFilterChain->run()
#3 /var/www/yii-1.1.12.b600af/framework/web/CController.php(1146): CAccessControlFilter->filter()
#4 /var/www/yii-1.1.12.b600af/framework/web/filters/CInlineFilter.php(59): ProjectController->filterAccessControl()
#5 /var/www/yii-1.1.12.b600af/framework/web/filters/CFilterChain.php(131): CInlineFilter->filter()
#6 /var/www/yii-1.1.12.b600af/framework/web/CController.php(292): CFilterChain->run()
#7 /var/www/yii-1.1.12.b600af/framework/web/CController.php(266): ProjectController->runActionWithFilters()
#8 /var/www/yii-1.1.12.b600af/framework/web/CWebApplication.php(283): ProjectController->run()
#9 /var/www/yii-1.1.12.b600af/framework/web/CWebApplication.php(142): CWebApplication->runController()
#10 /var/www/yii-1.1.12.b600af/framework/base/CApplication.php(162): CWebApplication->processRequest()
#11 /var/www/trackstar/index.php(13): CWebApplication->run()
REQUEST_URI=/trackstar/index.php?r=project/view&id=1
in /var/www/trackstar/protected/controllers/ProjectController.php (160)
in /var/www/trackstar/protected/controllers/ProjectController.php (56)
in /var/www/trackstar/index.php (13)
2012/11/08 11:29:48 [error] [php] Missing argument 1 for CActiveRecord::findByPk(), called in /var/www/trackstar/protected/controllers/ProjectController.php on line 160 and defined (/var/www/yii-1.1.12.b600af/framework/db/ar/CActiveRecord.php:1421)
Stack trace:
#0 /var/www/yii-1.1.12.b600af/framework/web/actions/CInlineAction.php(50): ProjectController->actionView()
#1 /var/www/yii-1.1.12.b600af/framework/web/CController.php(309): CInlineAction->runWithParams()
#2 /var/www/yii-1.1.12.b600af/framework/web/filters/CFilterChain.php(134): ProjectController->runAction()
#3 /var/www/yii-1.1.12.b600af/framework/web/filters/CFilter.php(41): CFilterChain->run()
#4 /var/www/yii-1.1.12.b600af/framework/web/CController.php(1146): CAccessControlFilter->filter()
#5 /var/www/yii-1.1.12.b600af/framework/web/filters/CInlineFilter.php(59): ProjectController->filterAccessControl()
#6 /var/www/yii-1.1.12.b600af/framework/web/filters/CFilterChain.php(131): CInlineFilter->filter()
#7 /var/www/yii-1.1.12.b600af/framework/web/CController.php(292): CFilterChain->run()
#8 /var/www/yii-1.1.12.b600af/framework/web/CController.php(266): ProjectController->runActionWithFilters()
#9 /var/www/yii-1.1.12.b600af/framework/web/CWebApplication.php(283): ProjectController->run()
#10 /var/www/yii-1.1.12.b600af/framework/web/CWebApplication.php(142): CWebApplication->runController()
#11 /var/www/yii-1.1.12.b600af/framework/base/CApplication.php(162): CWebApplication->processRequest()
#12 /var/www/trackstar/index.php(13): CWebApplication->run()
REQUEST_URI=/trackstar/index.php?r=project/view&id=1
in /var/www/trackstar/protected/controllers/ProjectController.php (160)
in /var/www/trackstar/protected/controllers/ProjectController.php (56)
in /var/www/trackstar/index.php (13)
2012/11/08 11:30:51 [error] [exception.CHttpException.404] exception 'CHttpException' with message 'The system is unable to find the requested action "list".' in /var/www/yii-1.1.12.b600af/framework/web/CController.php:484
Stack trace:
#0 /var/www/yii-1.1.12.b600af/framework/web/CController.php(271): CController->missingAction('list')
#1 /var/www/yii-1.1.12.b600af/framework/web/CWebApplication.php(283): CController->run('list')
#2 /var/www/yii-1.1.12.b600af/framework/web/CWebApplication.php(142): CWebApplication->runController('project/list')
#3 /var/www/yii-1.1.12.b600af/framework/base/CApplication.php(162): CWebApplication->processRequest()
#4 /var/www/trackstar/index.php(13): CApplication->run()
#5 {main}
REQUEST_URI=/trackstar/index.php?r=project/list
---
2012/11/08 11:31:03 [error] [php] Missing argument 1 for ProjectController::loadModel(), called in /var/www/trackstar/protected/controllers/ProjectController.php on line 56 and defined (/var/www/trackstar/protected/controllers/ProjectController.php:158)
Stack trace:
#0 /var/www/yii-1.1.12.b600af/framework/web/CController.php(309): CInlineAction->runWithParams()
#1 /var/www/yii-1.1.12.b600af/framework/web/filters/CFilterChain.php(134): ProjectController->runAction()
#2 /var/www/yii-1.1.12.b600af/framework/web/filters/CFilter.php(41): CFilterChain->run()
#3 /var/www/yii-1.1.12.b600af/framework/web/CController.php(1146): CAccessControlFilter->filter()
#4 /var/www/yii-1.1.12.b600af/framework/web/filters/CInlineFilter.php(59): ProjectController->filterAccessControl()
#5 /var/www/yii-1.1.12.b600af/framework/web/filters/CFilterChain.php(131): CInlineFilter->filter()
#6 /var/www/yii-1.1.12.b600af/framework/web/CController.php(292): CFilterChain->run()
#7 /var/www/yii-1.1.12.b600af/framework/web/CController.php(266): ProjectController->runActionWithFilters()
#8 /var/www/yii-1.1.12.b600af/framework/web/CWebApplication.php(283): ProjectController->run()
#9 /var/www/yii-1.1.12.b600af/framework/web/CWebApplication.php(142): CWebApplication->runController()
#10 /var/www/yii-1.1.12.b600af/framework/base/CApplication.php(162): CWebApplication->processRequest()
#11 /var/www/trackstar/index.php(13): CWebApplication->run()
REQUEST_URI=/trackstar/index.php?r=project/view&id=1
in /var/www/trackstar/protected/controllers/ProjectController.php (158)
in /var/www/trackstar/protected/controllers/ProjectController.php (56)
in /var/www/trackstar/index.php (13)
2012/11/08 11:32:03 [error] [php] Missing argument 1 for ProjectController::loadModel(), called in /var/www/trackstar/protected/controllers/ProjectController.php on line 56 and defined (/var/www/trackstar/protected/controllers/ProjectController.php:158)
Stack trace:
#0 /var/www/yii-1.1.12.b600af/framework/web/actions/CAction.php(107): ReflectionMethod->invokeArgs()
#1 /var/www/yii-1.1.12.b600af/framework/web/actions/CInlineAction.php(48): CInlineAction->runWithParamsInternal()
#2 /var/www/yii-1.1.12.b600af/framework/web/CController.php(309): CInlineAction->runWithParams()
#3 /var/www/yii-1.1.12.b600af/framework/web/filters/CFilterChain.php(134): ProjectController->runAction()
#4 /var/www/yii-1.1.12.b600af/framework/web/filters/CFilter.php(41): CFilterChain->run()
#5 /var/www/yii-1.1.12.b600af/framework/web/CController.php(1146): CAccessControlFilter->filter()
#6 /var/www/yii-1.1.12.b600af/framework/web/filters/CInlineFilter.php(59): ProjectController->filterAccessControl()
#7 /var/www/yii-1.1.12.b600af/framework/web/filters/CFilterChain.php(131): CInlineFilter->filter()
#8 /var/www/yii-1.1.12.b600af/framework/web/CController.php(292): CFilterChain->run()
#9 /var/www/yii-1.1.12.b600af/framework/web/CController.php(266): ProjectController->runActionWithFilters()
#10 /var/www/yii-1.1.12.b600af/framework/web/CWebApplication.php(283): ProjectController->run()
#11 /var/www/yii-1.1.12.b600af/framework/web/CWebApplication.php(142): CWebApplication->runController()
#12 /var/www/yii-1.1.12.b600af/framework/base/CApplication.php(162): CWebApplication->processRequest()
#13 /var/www/trackstar/index.php(13): CWebApplication->run()
REQUEST_URI=/trackstar/index.php?r=project/view&id=1
in /var/www/trackstar/protected/controllers/ProjectController.php (158)
in /var/www/trackstar/protected/controllers/ProjectController.php (56)
in /var/www/trackstar/index.php (13)
2012/11/08 11:38:43 [error] [php] Missing argument 1 for ProjectController::loadModel(), called in /var/www/trackstar/protected/controllers/ProjectController.php on line 56 and defined (/var/www/trackstar/protected/controllers/ProjectController.php:158)
Stack trace:
#0 /var/www/yii-1.1.12.b600af/framework/web/actions/CAction.php(107): ReflectionMethod->invokeArgs()
#1 /var/www/yii-1.1.12.b600af/framework/web/actions/CInlineAction.php(48): CInlineAction->runWithParamsInternal()
#2 /var/www/yii-1.1.12.b600af/framework/web/CController.php(309): CInlineAction->runWithParams()
#3 /var/www/yii-1.1.12.b600af/framework/web/filters/CFilterChain.php(134): ProjectController->runAction()
#4 /var/www/yii-1.1.12.b600af/framework/web/filters/CFilter.php(41): CFilterChain->run()
#5 /var/www/yii-1.1.12.b600af/framework/web/CController.php(1146): CAccessControlFilter->filter()
#6 /var/www/yii-1.1.12.b600af/framework/web/filters/CInlineFilter.php(59): ProjectController->filterAccessControl()
#7 /var/www/yii-1.1.12.b600af/framework/web/filters/CFilterChain.php(131): CInlineFilter->filter()
#8 /var/www/yii-1.1.12.b600af/framework/web/CController.php(292): CFilterChain->run()
#9 /var/www/yii-1.1.12.b600af/framework/web/CController.php(266): ProjectController->runActionWithFilters()
#10 /var/www/yii-1.1.12.b600af/framework/web/CWebApplication.php(283): ProjectController->run()
#11 /var/www/yii-1.1.12.b600af/framework/web/CWebApplication.php(142): CWebApplication->runController()
#12 /var/www/yii-1.1.12.b600af/framework/base/CApplication.php(162): CWebApplication->processRequest()
#13 /var/www/trackstar/index.php(13): CWebApplication->run()
REQUEST_URI=/trackstar/index.php?r=project/view&id=2
in /var/www/trackstar/protected/controllers/ProjectController.php (158)
in /var/www/trackstar/protected/controllers/ProjectController.php (56)
in /var/www/trackstar/index.php (13)
2012/11/08 11:51:38 [error] [exception.CHttpException.400] exception 'CHttpException' with message 'Your request is invalid.' in /var/www/yii-1.1.12.b600af/framework/web/CController.php:337
Stack trace:
#0 /var/www/yii-1.1.12.b600af/framework/web/CController.php(310): CController->invalidActionParams(Object(CInlineAction))
#1 /var/www/yii-1.1.12.b600af/framework/web/filters/CFilterChain.php(134): CController->runAction(Object(CInlineAction))
#2 /var/www/yii-1.1.12.b600af/framework/web/filters/CFilter.php(41): CFilterChain->run()
#3 /var/www/yii-1.1.12.b600af/framework/web/CController.php(1146): CFilter->filter(Object(CFilterChain))
#4 /var/www/yii-1.1.12.b600af/framework/web/filters/CInlineFilter.php(59): CController->filterAccessControl(Object(CFilterChain))
#5 /var/www/yii-1.1.12.b600af/framework/web/filters/CFilterChain.php(131): CInlineFilter->filter(Object(CFilterChain))
#6 /var/www/yii-1.1.12.b600af/framework/web/CController.php(292): CFilterChain->run()
#7 /var/www/yii-1.1.12.b600af/framework/web/CController.php(266): CController->runActionWithFilters(Object(CInlineAction), Array)
#8 /var/www/yii-1.1.12.b600af/framework/web/CWebApplication.php(283): CController->run('view')
#9 /var/www/yii-1.1.12.b600af/framework/web/CWebApplication.php(142): CWebApplication->runController('project/view')
#10 /var/www/yii-1.1.12.b600af/framework/base/CApplication.php(162): CWebApplication->processRequest()
#11 /var/www/trackstar/index.php(13): CApplication->run()
#12 {main}
REQUEST_URI=/trackstar/index.php?r=project/view
---
2012/11/08 12:01:15 [error] [exception.CHttpException.400] exception 'CHttpException' with message 'Your request is invalid.' in /var/www/yii-1.1.12.b600af/framework/web/CController.php:337
Stack trace:
#0 /var/www/yii-1.1.12.b600af/framework/web/CController.php(310): CController->invalidActionParams(Object(CInlineAction))
#1 /var/www/yii-1.1.12.b600af/framework/web/filters/CFilterChain.php(134): CController->runAction(Object(CInlineAction))
#2 /var/www/yii-1.1.12.b600af/framework/web/filters/CFilter.php(41): CFilterChain->run()
#3 /var/www/yii-1.1.12.b600af/framework/web/CController.php(1146): CFilter->filter(Object(CFilterChain))
#4 /var/www/yii-1.1.12.b600af/framework/web/filters/CInlineFilter.php(59): CController->filterAccessControl(Object(CFilterChain))
#5 /var/www/yii-1.1.12.b600af/framework/web/filters/CFilterChain.php(131): CInlineFilter->filter(Object(CFilterChain))
#6 /var/www/yii-1.1.12.b600af/framework/web/CController.php(292): CFilterChain->run()
#7 /var/www/yii-1.1.12.b600af/framework/web/CController.php(266): CController->runActionWithFilters(Object(CInlineAction), Array)
#8 /var/www/yii-1.1.12.b600af/framework/web/CWebApplication.php(283): CController->run('view')
#9 /var/www/yii-1.1.12.b600af/framework/web/CWebApplication.php(142): CWebApplication->runController('project/view')
#10 /var/www/yii-1.1.12.b600af/framework/base/CApplication.php(162): CWebApplication->processRequest()
#11 /var/www/trackstar/index.php(13): CApplication->run()
#12 {main}
REQUEST_URI=/trackstar/index.php?r=project/view&pid=4
---
2012/11/08 12:25:48 [error] [exception.CHttpException.400] exception 'CHttpException' with message 'Your request is invalid.' in /var/www/yii-1.1.12.b600af/framework/web/CController.php:337
Stack trace:
#0 /var/www/yii-1.1.12.b600af/framework/web/CController.php(310): CController->invalidActionParams(Object(CInlineAction))
#1 /var/www/yii-1.1.12.b600af/framework/web/filters/CFilterChain.php(134): CController->runAction(Object(CInlineAction))
#2 /var/www/yii-1.1.12.b600af/framework/web/filters/CFilter.php(41): CFilterChain->run()
#3 /var/www/yii-1.1.12.b600af/framework/web/CController.php(1146): CFilter->filter(Object(CFilterChain))
#4 /var/www/yii-1.1.12.b600af/framework/web/filters/CInlineFilter.php(59): CController->filterAccessControl(Object(CFilterChain))
#5 /var/www/yii-1.1.12.b600af/framework/web/filters/CFilterChain.php(131): CInlineFilter->filter(Object(CFilterChain))
#6 /var/www/yii-1.1.12.b600af/framework/web/CController.php(292): CFilterChain->run()
#7 /var/www/yii-1.1.12.b600af/framework/web/CController.php(266): CController->runActionWithFilters(Object(CInlineAction), Array)
#8 /var/www/yii-1.1.12.b600af/framework/web/CWebApplication.php(283): CController->run('view')
#9 /var/www/yii-1.1.12.b600af/framework/web/CWebApplication.php(142): CWebApplication->runController('issue/view')
#10 /var/www/yii-1.1.12.b600af/framework/base/CApplication.php(162): CWebApplication->processRequest()
#11 /var/www/trackstar/index.php(13): CApplication->run()
#12 {main}
REQUEST_URI=/trackstar/index.php?r=issue/view
---
2012/11/08 12:26:00 [error] [exception.CHttpException.404] exception 'CHttpException' with message 'The system is unable to find the requested action "list".' in /var/www/yii-1.1.12.b600af/framework/web/CController.php:484
Stack trace:
#0 /var/www/yii-1.1.12.b600af/framework/web/CController.php(271): CController->missingAction('list')
#1 /var/www/yii-1.1.12.b600af/framework/web/CWebApplication.php(283): CController->run('list')
#2 /var/www/yii-1.1.12.b600af/framework/web/CWebApplication.php(142): CWebApplication->runController('issue/list')
#3 /var/www/yii-1.1.12.b600af/framework/base/CApplication.php(162): CWebApplication->processRequest()
#4 /var/www/trackstar/index.php(13): CApplication->run()
#5 {main}
REQUEST_URI=/trackstar/index.php?r=issue/list
---
2012/11/08 12:26:37 [error] [exception.CHttpException.404] exception 'CHttpException' with message 'The requested page does not exist.' in /var/www/trackstar/protected/controllers/IssueController.php:181
Stack trace:
#0 /var/www/trackstar/protected/controllers/IssueController.php(79): IssueController->loadModel('4')
#1 [internal function]: IssueController->actionView('4')
#2 /var/www/yii-1.1.12.b600af/framework/web/actions/CAction.php(107): ReflectionMethod->invokeArgs(Object(IssueController), Array)
#3 /var/www/yii-1.1.12.b600af/framework/web/actions/CInlineAction.php(48): CAction->runWithParamsInternal(Object(IssueController), Object(ReflectionMethod), Array)
#4 /var/www/yii-1.1.12.b600af/framework/web/CController.php(309): CInlineAction->runWithParams(Array)
#5 /var/www/yii-1.1.12.b600af/framework/web/filters/CFilterChain.php(134): CController->runAction(Object(CInlineAction))
#6 /var/www/yii-1.1.12.b600af/framework/web/filters/CFilter.php(41): CFilterChain->run()
#7 /var/www/yii-1.1.12.b600af/framework/web/CController.php(1146): CFilter->filter(Object(CFilterChain))
#8 /var/www/yii-1.1.12.b600af/framework/web/filters/CInlineFilter.php(59): CController->filterAccessControl(Object(CFilterChain))
#9 /var/www/yii-1.1.12.b600af/framework/web/filters/CFilterChain.php(131): CInlineFilter->filter(Object(CFilterChain))
#10 /var/www/yii-1.1.12.b600af/framework/web/CController.php(292): CFilterChain->run()
#11 /var/www/yii-1.1.12.b600af/framework/web/CController.php(266): CController->runActionWithFilters(Object(CInlineAction), Array)
#12 /var/www/yii-1.1.12.b600af/framework/web/CWebApplication.php(283): CController->run('view')
#13 /var/www/yii-1.1.12.b600af/framework/web/CWebApplication.php(142): CWebApplication->runController('issue/view')
#14 /var/www/yii-1.1.12.b600af/framework/base/CApplication.php(162): CWebApplication->processRequest()
#15 /var/www/trackstar/index.php(13): CApplication->run()
#16 {main}
REQUEST_URI=/trackstar/index.php?r=issue/view&id=4
---
2012/11/08 12:52:02 [error] [php] Trying to get property of non-object (/var/www/trackstar/protected/views/issue/view.php:35)
Stack trace:
#0 /var/www/yii-1.1.12.b600af/framework/web/CController.php(870): IssueController->renderFile()
#1 /var/www/yii-1.1.12.b600af/framework/web/CController.php(783): IssueController->renderPartial()
#2 /var/www/trackstar/protected/controllers/IssueController.php(80): IssueController->render()
#3 unknown(0): IssueController->actionView()
#4 /var/www/yii-1.1.12.b600af/framework/web/actions/CAction.php(107): ReflectionMethod->invokeArgs()
#5 /var/www/yii-1.1.12.b600af/framework/web/actions/CInlineAction.php(48): CInlineAction->runWithParamsInternal()
#6 /var/www/yii-1.1.12.b600af/framework/web/CController.php(309): CInlineAction->runWithParams()
#7 /var/www/yii-1.1.12.b600af/framework/web/filters/CFilterChain.php(134): IssueController->runAction()
#8 /var/www/yii-1.1.12.b600af/framework/web/filters/CFilter.php(41): CFilterChain->run()
#9 /var/www/yii-1.1.12.b600af/framework/web/CController.php(1146): CAccessControlFilter->filter()
#10 /var/www/yii-1.1.12.b600af/framework/web/filters/CInlineFilter.php(59): IssueController->filterAccessControl()
#11 /var/www/yii-1.1.12.b600af/framework/web/filters/CFilterChain.php(131): CInlineFilter->filter()
#12 /var/www/yii-1.1.12.b600af/framework/web/CController.php(292): CFilterChain->run()
#13 /var/www/yii-1.1.12.b600af/framework/web/CController.php(266): IssueController->runActionWithFilters()
#14 /var/www/yii-1.1.12.b600af/framework/web/CWebApplication.php(283): IssueController->run()
#15 /var/www/yii-1.1.12.b600af/framework/web/CWebApplication.php(142): CWebApplication->runController()
#16 /var/www/yii-1.1.12.b600af/framework/base/CApplication.php(162): CWebApplication->processRequest()
#17 /var/www/trackstar/index.php(13): CWebApplication->run()
REQUEST_URI=/trackstar/index.php?r=issue/view/id/1
in /var/www/trackstar/protected/views/issue/view.php (35)
in /var/www/trackstar/protected/controllers/IssueController.php (80)
in /var/www/trackstar/index.php (13)
2012/11/08 12:55:39 [error] [php] Trying to get property of non-object (/var/www/trackstar/protected/views/issue/view.php:38)
Stack trace:
#0 /var/www/yii-1.1.12.b600af/framework/web/CController.php(870): IssueController->renderFile()
#1 /var/www/yii-1.1.12.b600af/framework/web/CController.php(783): IssueController->renderPartial()
#2 /var/www/trackstar/protected/controllers/IssueController.php(80): IssueController->render()
#3 unknown(0): IssueController->actionView()
#4 /var/www/yii-1.1.12.b600af/framework/web/actions/CAction.php(107): ReflectionMethod->invokeArgs()
#5 /var/www/yii-1.1.12.b600af/framework/web/actions/CInlineAction.php(48): CInlineAction->runWithParamsInternal()
#6 /var/www/yii-1.1.12.b600af/framework/web/CController.php(309): CInlineAction->runWithParams()
#7 /var/www/yii-1.1.12.b600af/framework/web/filters/CFilterChain.php(134): IssueController->runAction()
#8 /var/www/yii-1.1.12.b600af/framework/web/filters/CFilter.php(41): CFilterChain->run()
#9 /var/www/yii-1.1.12.b600af/framework/web/CController.php(1146): CAccessControlFilter->filter()
#10 /var/www/yii-1.1.12.b600af/framework/web/filters/CInlineFilter.php(59): IssueController->filterAccessControl()
#11 /var/www/yii-1.1.12.b600af/framework/web/filters/CFilterChain.php(131): CInlineFilter->filter()
#12 /var/www/yii-1.1.12.b600af/framework/web/CController.php(292): CFilterChain->run()
#13 /var/www/yii-1.1.12.b600af/framework/web/CController.php(266): IssueController->runActionWithFilters()
#14 /var/www/yii-1.1.12.b600af/framework/web/CWebApplication.php(283): IssueController->run()
#15 /var/www/yii-1.1.12.b600af/framework/web/CWebApplication.php(142): CWebApplication->runController()
#16 /var/www/yii-1.1.12.b600af/framework/base/CApplication.php(162): CWebApplication->processRequest()
#17 /var/www/trackstar/index.php(13): CWebApplication->run()
REQUEST_URI=/trackstar/index.php?r=issue/view/id/1
in /var/www/trackstar/protected/views/issue/view.php (38)
in /var/www/trackstar/protected/controllers/IssueController.php (80)
in /var/www/trackstar/index.php (13)
2012/11/08 12:59:31 [error] [php] Trying to get property of non-object (/var/www/trackstar/protected/views/issue/view.php:38)
Stack trace:
#0 /var/www/yii-1.1.12.b600af/framework/web/CController.php(870): IssueController->renderFile()
#1 /var/www/yii-1.1.12.b600af/framework/web/CController.php(783): IssueController->renderPartial()
#2 /var/www/trackstar/protected/controllers/IssueController.php(80): IssueController->render()
#3 unknown(0): IssueController->actionView()
#4 /var/www/yii-1.1.12.b600af/framework/web/actions/CAction.php(107): ReflectionMethod->invokeArgs()
#5 /var/www/yii-1.1.12.b600af/framework/web/actions/CInlineAction.php(48): CInlineAction->runWithParamsInternal()
#6 /var/www/yii-1.1.12.b600af/framework/web/CController.php(309): CInlineAction->runWithParams()
#7 /var/www/yii-1.1.12.b600af/framework/web/filters/CFilterChain.php(134): IssueController->runAction()
#8 /var/www/yii-1.1.12.b600af/framework/web/filters/CFilter.php(41): CFilterChain->run()
#9 /var/www/yii-1.1.12.b600af/framework/web/CController.php(1146): CAccessControlFilter->filter()
#10 /var/www/yii-1.1.12.b600af/framework/web/filters/CInlineFilter.php(59): IssueController->filterAccessControl()
#11 /var/www/yii-1.1.12.b600af/framework/web/filters/CFilterChain.php(131): CInlineFilter->filter()
#12 /var/www/yii-1.1.12.b600af/framework/web/CController.php(292): CFilterChain->run()
#13 /var/www/yii-1.1.12.b600af/framework/web/CController.php(266): IssueController->runActionWithFilters()
#14 /var/www/yii-1.1.12.b600af/framework/web/CWebApplication.php(283): IssueController->run()
#15 /var/www/yii-1.1.12.b600af/framework/web/CWebApplication.php(142): CWebApplication->runController()
#16 /var/www/yii-1.1.12.b600af/framework/base/CApplication.php(162): CWebApplication->processRequest()
#17 /var/www/trackstar/index.php(13): CWebApplication->run()
REQUEST_URI=/trackstar/index.php?r=issue/view/id/1
in /var/www/trackstar/protected/views/issue/view.php (38)
in /var/www/trackstar/protected/controllers/IssueController.php (80)
in /var/www/trackstar/index.php (13)
2012/11/08 12:59:41 [error] [php] Trying to get property of non-object (/var/www/trackstar/protected/views/issue/view.php:35)
Stack trace:
#0 /var/www/yii-1.1.12.b600af/framework/web/CController.php(870): IssueController->renderFile()
#1 /var/www/yii-1.1.12.b600af/framework/web/CController.php(783): IssueController->renderPartial()
#2 /var/www/trackstar/protected/controllers/IssueController.php(80): IssueController->render()
#3 unknown(0): IssueController->actionView()
#4 /var/www/yii-1.1.12.b600af/framework/web/actions/CAction.php(107): ReflectionMethod->invokeArgs()
#5 /var/www/yii-1.1.12.b600af/framework/web/actions/CInlineAction.php(48): CInlineAction->runWithParamsInternal()
#6 /var/www/yii-1.1.12.b600af/framework/web/CController.php(309): CInlineAction->runWithParams()
#7 /var/www/yii-1.1.12.b600af/framework/web/filters/CFilterChain.php(134): IssueController->runAction()
#8 /var/www/yii-1.1.12.b600af/framework/web/filters/CFilter.php(41): CFilterChain->run()
#9 /var/www/yii-1.1.12.b600af/framework/web/CController.php(1146): CAccessControlFilter->filter()
#10 /var/www/yii-1.1.12.b600af/framework/web/filters/CInlineFilter.php(59): IssueController->filterAccessControl()
#11 /var/www/yii-1.1.12.b600af/framework/web/filters/CFilterChain.php(131): CInlineFilter->filter()
#12 /var/www/yii-1.1.12.b600af/framework/web/CController.php(292): CFilterChain->run()
#13 /var/www/yii-1.1.12.b600af/framework/web/CController.php(266): IssueController->runActionWithFilters()
#14 /var/www/yii-1.1.12.b600af/framework/web/CWebApplication.php(283): IssueController->run()
#15 /var/www/yii-1.1.12.b600af/framework/web/CWebApplication.php(142): CWebApplication->runController()
#16 /var/www/yii-1.1.12.b600af/framework/base/CApplication.php(162): CWebApplication->processRequest()
#17 /var/www/trackstar/index.php(13): CWebApplication->run()
REQUEST_URI=/trackstar/index.php?r=issue/view/id/1
in /var/www/trackstar/protected/views/issue/view.php (35)
in /var/www/trackstar/protected/controllers/IssueController.php (80)
in /var/www/trackstar/index.php (13)
2012/11/08 13:01:12 [error] [php] Trying to get property of non-object (/var/www/trackstar/protected/views/issue/view.php:35)
Stack trace:
#0 /var/www/yii-1.1.12.b600af/framework/web/CController.php(870): IssueController->renderFile()
#1 /var/www/yii-1.1.12.b600af/framework/web/CController.php(783): IssueController->renderPartial()
#2 /var/www/trackstar/protected/controllers/IssueController.php(80): IssueController->render()
#3 unknown(0): IssueController->actionView()
#4 /var/www/yii-1.1.12.b600af/framework/web/actions/CAction.php(107): ReflectionMethod->invokeArgs()
#5 /var/www/yii-1.1.12.b600af/framework/web/actions/CInlineAction.php(48): CInlineAction->runWithParamsInternal()
#6 /var/www/yii-1.1.12.b600af/framework/web/CController.php(309): CInlineAction->runWithParams()
#7 /var/www/yii-1.1.12.b600af/framework/web/filters/CFilterChain.php(134): IssueController->runAction()
#8 /var/www/yii-1.1.12.b600af/framework/web/filters/CFilter.php(41): CFilterChain->run()
#9 /var/www/yii-1.1.12.b600af/framework/web/CController.php(1146): CAccessControlFilter->filter()
#10 /var/www/yii-1.1.12.b600af/framework/web/filters/CInlineFilter.php(59): IssueController->filterAccessControl()
#11 /var/www/yii-1.1.12.b600af/framework/web/filters/CFilterChain.php(131): CInlineFilter->filter()
#12 /var/www/yii-1.1.12.b600af/framework/web/CController.php(292): CFilterChain->run()
#13 /var/www/yii-1.1.12.b600af/framework/web/CController.php(266): IssueController->runActionWithFilters()
#14 /var/www/yii-1.1.12.b600af/framework/web/CWebApplication.php(283): IssueController->run()
#15 /var/www/yii-1.1.12.b600af/framework/web/CWebApplication.php(142): CWebApplication->runController()
#16 /var/www/yii-1.1.12.b600af/framework/base/CApplication.php(162): CWebApplication->processRequest()
#17 /var/www/trackstar/index.php(13): CWebApplication->run()
REQUEST_URI=/trackstar/index.php?r=issue/view/id/1
in /var/www/trackstar/protected/views/issue/view.php (35)
in /var/www/trackstar/protected/controllers/IssueController.php (80)
in /var/www/trackstar/index.php (13)
2012/11/08 13:02:05 [error] [exception.CException] exception 'CException' with message 'Property "Issue.username" is not defined.' in /var/www/yii-1.1.12.b600af/framework/base/CComponent.php:131
Stack trace:
#0 /var/www/yii-1.1.12.b600af/framework/db/ar/CActiveRecord.php(144): CComponent->__get('username')
#1 /var/www/trackstar/protected/views/issue/view.php(35): CActiveRecord->__get('username')
#2 /var/www/yii-1.1.12.b600af/framework/web/CBaseController.php(127): require('/var/www/tracks...')
#3 /var/www/yii-1.1.12.b600af/framework/web/CBaseController.php(96): CBaseController->renderInternal('/var/www/tracks...', Array, true)
#4 /var/www/yii-1.1.12.b600af/framework/web/CController.php(870): CBaseController->renderFile('/var/www/tracks...', Array, true)
#5 /var/www/yii-1.1.12.b600af/framework/web/CController.php(783): CController->renderPartial('view', Array, true)
#6 /var/www/trackstar/protected/controllers/IssueController.php(80): CController->render('view', Array)
#7 [internal function]: IssueController->actionView('1')
#8 /var/www/yii-1.1.12.b600af/framework/web/actions/CAction.php(107): ReflectionMethod->invokeArgs(Object(IssueController), Array)
#9 /var/www/yii-1.1.12.b600af/framework/web/actions/CInlineAction.php(48): CAction->runWithParamsInternal(Object(IssueController), Object(ReflectionMethod), Array)
#10 /var/www/yii-1.1.12.b600af/framework/web/CController.php(309): CInlineAction->runWithParams(Array)
#11 /var/www/yii-1.1.12.b600af/framework/web/filters/CFilterChain.php(134): CController->runAction(Object(CInlineAction))
#12 /var/www/yii-1.1.12.b600af/framework/web/filters/CFilter.php(41): CFilterChain->run()
#13 /var/www/yii-1.1.12.b600af/framework/web/CController.php(1146): CFilter->filter(Object(CFilterChain))
#14 /var/www/yii-1.1.12.b600af/framework/web/filters/CInlineFilter.php(59): CController->filterAccessControl(Object(CFilterChain))
#15 /var/www/yii-1.1.12.b600af/framework/web/filters/CFilterChain.php(131): CInlineFilter->filter(Object(CFilterChain))
#16 /var/www/yii-1.1.12.b600af/framework/web/CController.php(292): CFilterChain->run()
#17 /var/www/yii-1.1.12.b600af/framework/web/CController.php(266): CController->runActionWithFilters(Object(CInlineAction), Array)
#18 /var/www/yii-1.1.12.b600af/framework/web/CWebApplication.php(283): CController->run('view')
#19 /var/www/yii-1.1.12.b600af/framework/web/CWebApplication.php(142): CWebApplication->runController('issue/view/id/1')
#20 /var/www/yii-1.1.12.b600af/framework/base/CApplication.php(162): CWebApplication->processRequest()
#21 /var/www/trackstar/index.php(13): CApplication->run()
#22 {main}
REQUEST_URI=/trackstar/index.php?r=issue/view/id/1
---
2012/11/08 13:02:23 [error] [php] Trying to get property of non-object (/var/www/trackstar/protected/views/issue/view.php:38)
Stack trace:
#0 /var/www/yii-1.1.12.b600af/framework/web/CController.php(870): IssueController->renderFile()
#1 /var/www/yii-1.1.12.b600af/framework/web/CController.php(783): IssueController->renderPartial()
#2 /var/www/trackstar/protected/controllers/IssueController.php(80): IssueController->render()
#3 unknown(0): IssueController->actionView()
#4 /var/www/yii-1.1.12.b600af/framework/web/actions/CAction.php(107): ReflectionMethod->invokeArgs()
#5 /var/www/yii-1.1.12.b600af/framework/web/actions/CInlineAction.php(48): CInlineAction->runWithParamsInternal()
#6 /var/www/yii-1.1.12.b600af/framework/web/CController.php(309): CInlineAction->runWithParams()
#7 /var/www/yii-1.1.12.b600af/framework/web/filters/CFilterChain.php(134): IssueController->runAction()
#8 /var/www/yii-1.1.12.b600af/framework/web/filters/CFilter.php(41): CFilterChain->run()
#9 /var/www/yii-1.1.12.b600af/framework/web/CController.php(1146): CAccessControlFilter->filter()
#10 /var/www/yii-1.1.12.b600af/framework/web/filters/CInlineFilter.php(59): IssueController->filterAccessControl()
#11 /var/www/yii-1.1.12.b600af/framework/web/filters/CFilterChain.php(131): CInlineFilter->filter()
#12 /var/www/yii-1.1.12.b600af/framework/web/CController.php(292): CFilterChain->run()
#13 /var/www/yii-1.1.12.b600af/framework/web/CController.php(266): IssueController->runActionWithFilters()
#14 /var/www/yii-1.1.12.b600af/framework/web/CWebApplication.php(283): IssueController->run()
#15 /var/www/yii-1.1.12.b600af/framework/web/CWebApplication.php(142): CWebApplication->runController()
#16 /var/www/yii-1.1.12.b600af/framework/base/CApplication.php(162): CWebApplication->processRequest()
#17 /var/www/trackstar/index.php(13): CWebApplication->run()
REQUEST_URI=/trackstar/index.php?r=issue/view/id/1
in /var/www/trackstar/protected/views/issue/view.php (38)
in /var/www/trackstar/protected/controllers/IssueController.php (80)
in /var/www/trackstar/index.php (13)
2012/11/08 13:05:20 [error] [php] Trying to get property of non-object (/var/www/trackstar/protected/views/issue/view.php:35)
Stack trace:
#0 /var/www/yii-1.1.12.b600af/framework/web/CController.php(870): IssueController->renderFile()
#1 /var/www/yii-1.1.12.b600af/framework/web/CController.php(783): IssueController->renderPartial()
#2 /var/www/trackstar/protected/controllers/IssueController.php(80): IssueController->render()
#3 unknown(0): IssueController->actionView()
#4 /var/www/yii-1.1.12.b600af/framework/web/actions/CAction.php(107): ReflectionMethod->invokeArgs()
#5 /var/www/yii-1.1.12.b600af/framework/web/actions/CInlineAction.php(48): CInlineAction->runWithParamsInternal()
#6 /var/www/yii-1.1.12.b600af/framework/web/CController.php(309): CInlineAction->runWithParams()
#7 /var/www/yii-1.1.12.b600af/framework/web/filters/CFilterChain.php(134): IssueController->runAction()
#8 /var/www/yii-1.1.12.b600af/framework/web/filters/CFilter.php(41): CFilterChain->run()
#9 /var/www/yii-1.1.12.b600af/framework/web/CController.php(1146): CAccessControlFilter->filter()
#10 /var/www/yii-1.1.12.b600af/framework/web/filters/CInlineFilter.php(59): IssueController->filterAccessControl()
#11 /var/www/yii-1.1.12.b600af/framework/web/filters/CFilterChain.php(131): CInlineFilter->filter()
#12 /var/www/yii-1.1.12.b600af/framework/web/CController.php(292): CFilterChain->run()
#13 /var/www/yii-1.1.12.b600af/framework/web/CController.php(266): IssueController->runActionWithFilters()
#14 /var/www/yii-1.1.12.b600af/framework/web/CWebApplication.php(283): IssueController->run()
#15 /var/www/yii-1.1.12.b600af/framework/web/CWebApplication.php(142): CWebApplication->runController()
#16 /var/www/yii-1.1.12.b600af/framework/base/CApplication.php(162): CWebApplication->processRequest()
#17 /var/www/trackstar/index.php(13): CWebApplication->run()
REQUEST_URI=/trackstar/index.php?r=issue/view/id/1
in /var/www/trackstar/protected/views/issue/view.php (35)
in /var/www/trackstar/protected/controllers/IssueController.php (80)
in /var/www/trackstar/index.php (13)
2012/11/08 13:17:06 [error] [php] Trying to get property of non-object (/var/www/trackstar/protected/views/issue/view.php:35)
Stack trace:
#0 /var/www/yii-1.1.12.b600af/framework/web/CController.php(870): IssueController->renderFile()
#1 /var/www/yii-1.1.12.b600af/framework/web/CController.php(783): IssueController->renderPartial()
#2 /var/www/trackstar/protected/controllers/IssueController.php(80): IssueController->render()
#3 unknown(0): IssueController->actionView()
#4 /var/www/yii-1.1.12.b600af/framework/web/actions/CAction.php(107): ReflectionMethod->invokeArgs()
#5 /var/www/yii-1.1.12.b600af/framework/web/actions/CInlineAction.php(48): CInlineAction->runWithParamsInternal()
#6 /var/www/yii-1.1.12.b600af/framework/web/CController.php(309): CInlineAction->runWithParams()
#7 /var/www/yii-1.1.12.b600af/framework/web/filters/CFilterChain.php(134): IssueController->runAction()
#8 /var/www/yii-1.1.12.b600af/framework/web/filters/CFilter.php(41): CFilterChain->run()
#9 /var/www/yii-1.1.12.b600af/framework/web/CController.php(1146): CAccessControlFilter->filter()
#10 /var/www/yii-1.1.12.b600af/framework/web/filters/CInlineFilter.php(59): IssueController->filterAccessControl()
#11 /var/www/yii-1.1.12.b600af/framework/web/filters/CFilterChain.php(131): CInlineFilter->filter()
#12 /var/www/yii-1.1.12.b600af/framework/web/CController.php(292): CFilterChain->run()
#13 /var/www/yii-1.1.12.b600af/framework/web/CController.php(266): IssueController->runActionWithFilters()
#14 /var/www/yii-1.1.12.b600af/framework/web/CWebApplication.php(283): IssueController->run()
#15 /var/www/yii-1.1.12.b600af/framework/web/CWebApplication.php(142): CWebApplication->runController()
#16 /var/www/yii-1.1.12.b600af/framework/base/CApplication.php(162): CWebApplication->processRequest()
#17 /var/www/trackstar/index.php(13): CWebApplication->run()
REQUEST_URI=/trackstar/index.php?r=issue/view/id/1
in /var/www/trackstar/protected/views/issue/view.php (35)
in /var/www/trackstar/protected/controllers/IssueController.php (80)
in /var/www/trackstar/index.php (13)
2012/11/08 13:17:16 [error] [php] Trying to get property of non-object (/var/www/trackstar/protected/views/issue/view.php:35)
Stack trace:
#0 /var/www/yii-1.1.12.b600af/framework/web/CController.php(870): IssueController->renderFile()
#1 /var/www/yii-1.1.12.b600af/framework/web/CController.php(783): IssueController->renderPartial()
#2 /var/www/trackstar/protected/controllers/IssueController.php(80): IssueController->render()
#3 unknown(0): IssueController->actionView()
#4 /var/www/yii-1.1.12.b600af/framework/web/actions/CAction.php(107): ReflectionMethod->invokeArgs()
#5 /var/www/yii-1.1.12.b600af/framework/web/actions/CInlineAction.php(48): CInlineAction->runWithParamsInternal()
#6 /var/www/yii-1.1.12.b600af/framework/web/CController.php(309): CInlineAction->runWithParams()
#7 /var/www/yii-1.1.12.b600af/framework/web/filters/CFilterChain.php(134): IssueController->runAction()
#8 /var/www/yii-1.1.12.b600af/framework/web/filters/CFilter.php(41): CFilterChain->run()
#9 /var/www/yii-1.1.12.b600af/framework/web/CController.php(1146): CAccessControlFilter->filter()
#10 /var/www/yii-1.1.12.b600af/framework/web/filters/CInlineFilter.php(59): IssueController->filterAccessControl()
#11 /var/www/yii-1.1.12.b600af/framework/web/filters/CFilterChain.php(131): CInlineFilter->filter()
#12 /var/www/yii-1.1.12.b600af/framework/web/CController.php(292): CFilterChain->run()
#13 /var/www/yii-1.1.12.b600af/framework/web/CController.php(266): IssueController->runActionWithFilters()
#14 /var/www/yii-1.1.12.b600af/framework/web/CWebApplication.php(283): IssueController->run()
#15 /var/www/yii-1.1.12.b600af/framework/web/CWebApplication.php(142): CWebApplication->runController()
#16 /var/www/yii-1.1.12.b600af/framework/base/CApplication.php(162): CWebApplication->processRequest()
#17 /var/www/trackstar/index.php(13): CWebApplication->run()
REQUEST_URI=/trackstar/index.php?r=issue/view/id/1
in /var/www/trackstar/protected/views/issue/view.php (35)
in /var/www/trackstar/protected/controllers/IssueController.php (80)
in /var/www/trackstar/index.php (13)
2012/11/08 13:17:35 [error] [php] Trying to get property of non-object (/var/www/trackstar/protected/views/issue/view.php:35)
Stack trace:
#0 /var/www/yii-1.1.12.b600af/framework/web/CController.php(870): IssueController->renderFile()
#1 /var/www/yii-1.1.12.b600af/framework/web/CController.php(783): IssueController->renderPartial()
#2 /var/www/trackstar/protected/controllers/IssueController.php(80): IssueController->render()
#3 unknown(0): IssueController->actionView()
#4 /var/www/yii-1.1.12.b600af/framework/web/actions/CAction.php(107): ReflectionMethod->invokeArgs()
#5 /var/www/yii-1.1.12.b600af/framework/web/actions/CInlineAction.php(48): CInlineAction->runWithParamsInternal()
#6 /var/www/yii-1.1.12.b600af/framework/web/CController.php(309): CInlineAction->runWithParams()
#7 /var/www/yii-1.1.12.b600af/framework/web/filters/CFilterChain.php(134): IssueController->runAction()
#8 /var/www/yii-1.1.12.b600af/framework/web/filters/CFilter.php(41): CFilterChain->run()
#9 /var/www/yii-1.1.12.b600af/framework/web/CController.php(1146): CAccessControlFilter->filter()
#10 /var/www/yii-1.1.12.b600af/framework/web/filters/CInlineFilter.php(59): IssueController->filterAccessControl()
#11 /var/www/yii-1.1.12.b600af/framework/web/filters/CFilterChain.php(131): CInlineFilter->filter()
#12 /var/www/yii-1.1.12.b600af/framework/web/CController.php(292): CFilterChain->run()
#13 /var/www/yii-1.1.12.b600af/framework/web/CController.php(266): IssueController->runActionWithFilters()
#14 /var/www/yii-1.1.12.b600af/framework/web/CWebApplication.php(283): IssueController->run()
#15 /var/www/yii-1.1.12.b600af/framework/web/CWebApplication.php(142): CWebApplication->runController()
#16 /var/www/yii-1.1.12.b600af/framework/base/CApplication.php(162): CWebApplication->processRequest()
#17 /var/www/trackstar/index.php(13): CWebApplication->run()
REQUEST_URI=/trackstar/index.php?r=issue/view/id/1
in /var/www/trackstar/protected/views/issue/view.php (35)
in /var/www/trackstar/protected/controllers/IssueController.php (80)
in /var/www/trackstar/index.php (13)
2012/11/08 16:35:15 [error] [exception.CException] exception 'CException' with message 'Property "IssueController.owner" is not defined.' in /var/www/yii-1.1.12.b600af/framework/base/CComponent.php:131
Stack trace:
#0 /var/www/trackstar/protected/views/issue/view.php(37): CComponent->__get('owner')
#1 /var/www/yii-1.1.12.b600af/framework/web/CBaseController.php(127): require('/var/www/tracks...')
#2 /var/www/yii-1.1.12.b600af/framework/web/CBaseController.php(96): CBaseController->renderInternal('/var/www/tracks...', Array, true)
#3 /var/www/yii-1.1.12.b600af/framework/web/CController.php(870): CBaseController->renderFile('/var/www/tracks...', Array, true)
#4 /var/www/yii-1.1.12.b600af/framework/web/CController.php(783): CController->renderPartial('view', Array, true)
#5 /var/www/trackstar/protected/controllers/IssueController.php(80): CController->render('view', Array)
#6 [internal function]: IssueController->actionView('1')
#7 /var/www/yii-1.1.12.b600af/framework/web/actions/CAction.php(107): ReflectionMethod->invokeArgs(Object(IssueController), Array)
#8 /var/www/yii-1.1.12.b600af/framework/web/actions/CInlineAction.php(48): CAction->runWithParamsInternal(Object(IssueController), Object(ReflectionMethod), Array)
#9 /var/www/yii-1.1.12.b600af/framework/web/CController.php(309): CInlineAction->runWithParams(Array)
#10 /var/www/yii-1.1.12.b600af/framework/web/filters/CFilterChain.php(134): CController->runAction(Object(CInlineAction))
#11 /var/www/yii-1.1.12.b600af/framework/web/filters/CFilter.php(41): CFilterChain->run()
#12 /var/www/yii-1.1.12.b600af/framework/web/CController.php(1146): CFilter->filter(Object(CFilterChain))
#13 /var/www/yii-1.1.12.b600af/framework/web/filters/CInlineFilter.php(59): CController->filterAccessControl(Object(CFilterChain))
#14 /var/www/yii-1.1.12.b600af/framework/web/filters/CFilterChain.php(131): CInlineFilter->filter(Object(CFilterChain))
#15 /var/www/yii-1.1.12.b600af/framework/web/CController.php(292): CFilterChain->run()
#16 /var/www/yii-1.1.12.b600af/framework/web/CController.php(266): CController->runActionWithFilters(Object(CInlineAction), Array)
#17 /var/www/yii-1.1.12.b600af/framework/web/CWebApplication.php(283): CController->run('view')
#18 /var/www/yii-1.1.12.b600af/framework/web/CWebApplication.php(142): CWebApplication->runController('issue/view/id/1')
#19 /var/www/yii-1.1.12.b600af/framework/base/CApplication.php(162): CWebApplication->processRequest()
#20 /var/www/trackstar/index.php(13): CApplication->run()
#21 {main}
REQUEST_URI=/trackstar/index.php?r=issue/view/id/1
---
2012/11/08 16:35:46 [error] [exception.CException] exception 'CException' with message 'Property "IssueController.owner" is not defined.' in /var/www/yii-1.1.12.b600af/framework/base/CComponent.php:131
Stack trace:
#0 /var/www/trackstar/protected/views/issue/view.php(37): CComponent->__get('owner')
#1 /var/www/yii-1.1.12.b600af/framework/web/CBaseController.php(127): require('/var/www/tracks...')
#2 /var/www/yii-1.1.12.b600af/framework/web/CBaseController.php(96): CBaseController->renderInternal('/var/www/tracks...', Array, true)
#3 /var/www/yii-1.1.12.b600af/framework/web/CController.php(870): CBaseController->renderFile('/var/www/tracks...', Array, true)
#4 /var/www/yii-1.1.12.b600af/framework/web/CController.php(783): CController->renderPartial('view', Array, true)
#5 /var/www/trackstar/protected/controllers/IssueController.php(80): CController->render('view', Array)
#6 [internal function]: IssueController->actionView('1')
#7 /var/www/yii-1.1.12.b600af/framework/web/actions/CAction.php(107): ReflectionMethod->invokeArgs(Object(IssueController), Array)
#8 /var/www/yii-1.1.12.b600af/framework/web/actions/CInlineAction.php(48): CAction->runWithParamsInternal(Object(IssueController), Object(ReflectionMethod), Array)
#9 /var/www/yii-1.1.12.b600af/framework/web/CController.php(309): CInlineAction->runWithParams(Array)
#10 /var/www/yii-1.1.12.b600af/framework/web/filters/CFilterChain.php(134): CController->runAction(Object(CInlineAction))
#11 /var/www/yii-1.1.12.b600af/framework/web/filters/CFilter.php(41): CFilterChain->run()
#12 /var/www/yii-1.1.12.b600af/framework/web/CController.php(1146): CFilter->filter(Object(CFilterChain))
#13 /var/www/yii-1.1.12.b600af/framework/web/filters/CInlineFilter.php(59): CController->filterAccessControl(Object(CFilterChain))
#14 /var/www/yii-1.1.12.b600af/framework/web/filters/CFilterChain.php(131): CInlineFilter->filter(Object(CFilterChain))
#15 /var/www/yii-1.1.12.b600af/framework/web/CController.php(292): CFilterChain->run()
#16 /var/www/yii-1.1.12.b600af/framework/web/CController.php(266): CController->runActionWithFilters(Object(CInlineAction), Array)
#17 /var/www/yii-1.1.12.b600af/framework/web/CWebApplication.php(283): CController->run('view')
#18 /var/www/yii-1.1.12.b600af/framework/web/CWebApplication.php(142): CWebApplication->runController('issue/view/id/1')
#19 /var/www/yii-1.1.12.b600af/framework/base/CApplication.php(162): CWebApplication->processRequest()
#20 /var/www/trackstar/index.php(13): CApplication->run()
#21 {main}
REQUEST_URI=/trackstar/index.php?r=issue/view/id/1
---
2012/11/08 16:39:39 [error] [exception.CException] exception 'CException' with message 'Property "IssueController.owner" is not defined.' in /var/www/yii-1.1.12.b600af/framework/base/CComponent.php:131
Stack trace:
#0 /var/www/trackstar/protected/views/issue/view.php(37): CComponent->__get('owner')
#1 /var/www/yii-1.1.12.b600af/framework/web/CBaseController.php(127): require('/var/www/tracks...')
#2 /var/www/yii-1.1.12.b600af/framework/web/CBaseController.php(96): CBaseController->renderInternal('/var/www/tracks...', Array, true)
#3 /var/www/yii-1.1.12.b600af/framework/web/CController.php(870): CBaseController->renderFile('/var/www/tracks...', Array, true)
#4 /var/www/yii-1.1.12.b600af/framework/web/CController.php(783): CController->renderPartial('view', Array, true)
#5 /var/www/trackstar/protected/controllers/IssueController.php(80): CController->render('view', Array)
#6 [internal function]: IssueController->actionView('1')
#7 /var/www/yii-1.1.12.b600af/framework/web/actions/CAction.php(107): ReflectionMethod->invokeArgs(Object(IssueController), Array)
#8 /var/www/yii-1.1.12.b600af/framework/web/actions/CInlineAction.php(48): CAction->runWithParamsInternal(Object(IssueController), Object(ReflectionMethod), Array)
#9 /var/www/yii-1.1.12.b600af/framework/web/CController.php(309): CInlineAction->runWithParams(Array)
#10 /var/www/yii-1.1.12.b600af/framework/web/filters/CFilterChain.php(134): CController->runAction(Object(CInlineAction))
#11 /var/www/yii-1.1.12.b600af/framework/web/filters/CFilter.php(41): CFilterChain->run()
#12 /var/www/yii-1.1.12.b600af/framework/web/CController.php(1146): CFilter->filter(Object(CFilterChain))
#13 /var/www/yii-1.1.12.b600af/framework/web/filters/CInlineFilter.php(59): CController->filterAccessControl(Object(CFilterChain))
#14 /var/www/yii-1.1.12.b600af/framework/web/filters/CFilterChain.php(131): CInlineFilter->filter(Object(CFilterChain))
#15 /var/www/yii-1.1.12.b600af/framework/web/CController.php(292): CFilterChain->run()
#16 /var/www/yii-1.1.12.b600af/framework/web/CController.php(266): CController->runActionWithFilters(Object(CInlineAction), Array)
#17 /var/www/yii-1.1.12.b600af/framework/web/CWebApplication.php(283): CController->run('view')
#18 /var/www/yii-1.1.12.b600af/framework/web/CWebApplication.php(142): CWebApplication->runController('issue/view/id/1')
#19 /var/www/yii-1.1.12.b600af/framework/base/CApplication.php(162): CWebApplication->processRequest()
#20 /var/www/trackstar/index.php(13): CApplication->run()
#21 {main}
REQUEST_URI=/trackstar/index.php?r=issue/view/id/1
---
2012/11/08 16:40:26 [error] [php] Trying to get property of non-object (/var/www/trackstar/protected/views/issue/view.php:40)
Stack trace:
#0 /var/www/yii-1.1.12.b600af/framework/web/CController.php(870): IssueController->renderFile()
#1 /var/www/yii-1.1.12.b600af/framework/web/CController.php(783): IssueController->renderPartial()
#2 /var/www/trackstar/protected/controllers/IssueController.php(80): IssueController->render()
#3 unknown(0): IssueController->actionView()
#4 /var/www/yii-1.1.12.b600af/framework/web/actions/CAction.php(107): ReflectionMethod->invokeArgs()
#5 /var/www/yii-1.1.12.b600af/framework/web/actions/CInlineAction.php(48): CInlineAction->runWithParamsInternal()
#6 /var/www/yii-1.1.12.b600af/framework/web/CController.php(309): CInlineAction->runWithParams()
#7 /var/www/yii-1.1.12.b600af/framework/web/filters/CFilterChain.php(134): IssueController->runAction()
#8 /var/www/yii-1.1.12.b600af/framework/web/filters/CFilter.php(41): CFilterChain->run()
#9 /var/www/yii-1.1.12.b600af/framework/web/CController.php(1146): CAccessControlFilter->filter()
#10 /var/www/yii-1.1.12.b600af/framework/web/filters/CInlineFilter.php(59): IssueController->filterAccessControl()
#11 /var/www/yii-1.1.12.b600af/framework/web/filters/CFilterChain.php(131): CInlineFilter->filter()
#12 /var/www/yii-1.1.12.b600af/framework/web/CController.php(292): CFilterChain->run()
#13 /var/www/yii-1.1.12.b600af/framework/web/CController.php(266): IssueController->runActionWithFilters()
#14 /var/www/yii-1.1.12.b600af/framework/web/CWebApplication.php(283): IssueController->run()
#15 /var/www/yii-1.1.12.b600af/framework/web/CWebApplication.php(142): CWebApplication->runController()
#16 /var/www/yii-1.1.12.b600af/framework/base/CApplication.php(162): CWebApplication->processRequest()
#17 /var/www/trackstar/index.php(13): CWebApplication->run()
REQUEST_URI=/trackstar/index.php?r=issue/view/id/1
in /var/www/trackstar/protected/views/issue/view.php (40)
in /var/www/trackstar/protected/controllers/IssueController.php (80)
in /var/www/trackstar/index.php (13)
2012/11/08 16:41:19 [error] [php] htmlspecialchars() expects parameter 1 to be string, object given (/var/www/yii-1.1.12.b600af/framework/web/helpers/CHtml.php:85)
Stack trace:
#0 /var/www/yii-1.1.12.b600af/framework/web/CBaseController.php(127): require()
#1 /var/www/yii-1.1.12.b600af/framework/web/CBaseController.php(96): IssueController->renderInternal()
#2 /var/www/yii-1.1.12.b600af/framework/web/CController.php(870): IssueController->renderFile()
#3 /var/www/yii-1.1.12.b600af/framework/web/CController.php(783): IssueController->renderPartial()
#4 /var/www/trackstar/protected/controllers/IssueController.php(80): IssueController->render()
#5 unknown(0): IssueController->actionView()
#6 /var/www/yii-1.1.12.b600af/framework/web/actions/CAction.php(107): ReflectionMethod->invokeArgs()
#7 /var/www/yii-1.1.12.b600af/framework/web/actions/CInlineAction.php(48): CInlineAction->runWithParamsInternal()
#8 /var/www/yii-1.1.12.b600af/framework/web/CController.php(309): CInlineAction->runWithParams()
#9 /var/www/yii-1.1.12.b600af/framework/web/filters/CFilterChain.php(134): IssueController->runAction()
#10 /var/www/yii-1.1.12.b600af/framework/web/filters/CFilter.php(41): CFilterChain->run()
#11 /var/www/yii-1.1.12.b600af/framework/web/CController.php(1146): CAccessControlFilter->filter()
#12 /var/www/yii-1.1.12.b600af/framework/web/filters/CInlineFilter.php(59): IssueController->filterAccessControl()
#13 /var/www/yii-1.1.12.b600af/framework/web/filters/CFilterChain.php(131): CInlineFilter->filter()
#14 /var/www/yii-1.1.12.b600af/framework/web/CController.php(292): CFilterChain->run()
#15 /var/www/yii-1.1.12.b600af/framework/web/CController.php(266): IssueController->runActionWithFilters()
#16 /var/www/yii-1.1.12.b600af/framework/web/CWebApplication.php(283): IssueController->run()
#17 /var/www/yii-1.1.12.b600af/framework/web/CWebApplication.php(142): CWebApplication->runController()
#18 /var/www/yii-1.1.12.b600af/framework/base/CApplication.php(162): CWebApplication->processRequest()
#19 /var/www/trackstar/index.php(13): CWebApplication->run()
REQUEST_URI=/trackstar/index.php?r=issue/view/id/1
in /var/www/trackstar/protected/views/issue/view.php (37)
in /var/www/trackstar/protected/controllers/IssueController.php (80)
in /var/www/trackstar/index.php (13)
2012/11/08 16:41:56 [error] [php] Trying to get property of non-object (/var/www/trackstar/protected/views/issue/view.php:40)
Stack trace:
#0 /var/www/yii-1.1.12.b600af/framework/web/CController.php(870): IssueController->renderFile()
#1 /var/www/yii-1.1.12.b600af/framework/web/CController.php(783): IssueController->renderPartial()
#2 /var/www/trackstar/protected/controllers/IssueController.php(80): IssueController->render()
#3 unknown(0): IssueController->actionView()
#4 /var/www/yii-1.1.12.b600af/framework/web/actions/CAction.php(107): ReflectionMethod->invokeArgs()
#5 /var/www/yii-1.1.12.b600af/framework/web/actions/CInlineAction.php(48): CInlineAction->runWithParamsInternal()
#6 /var/www/yii-1.1.12.b600af/framework/web/CController.php(309): CInlineAction->runWithParams()
#7 /var/www/yii-1.1.12.b600af/framework/web/filters/CFilterChain.php(134): IssueController->runAction()
#8 /var/www/yii-1.1.12.b600af/framework/web/filters/CFilter.php(41): CFilterChain->run()
#9 /var/www/yii-1.1.12.b600af/framework/web/CController.php(1146): CAccessControlFilter->filter()
#10 /var/www/yii-1.1.12.b600af/framework/web/filters/CInlineFilter.php(59): IssueController->filterAccessControl()
#11 /var/www/yii-1.1.12.b600af/framework/web/filters/CFilterChain.php(131): CInlineFilter->filter()
#12 /var/www/yii-1.1.12.b600af/framework/web/CController.php(292): CFilterChain->run()
#13 /var/www/yii-1.1.12.b600af/framework/web/CController.php(266): IssueController->runActionWithFilters()
#14 /var/www/yii-1.1.12.b600af/framework/web/CWebApplication.php(283): IssueController->run()
#15 /var/www/yii-1.1.12.b600af/framework/web/CWebApplication.php(142): CWebApplication->runController()
#16 /var/www/yii-1.1.12.b600af/framework/base/CApplication.php(162): CWebApplication->processRequest()
#17 /var/www/trackstar/index.php(13): CWebApplication->run()
REQUEST_URI=/trackstar/index.php?r=issue/view/id/1
in /var/www/trackstar/protected/views/issue/view.php (40)
in /var/www/trackstar/protected/controllers/IssueController.php (80)
in /var/www/trackstar/index.php (13)
2012/11/08 16:56:54 [error] [php] Undefined variable: model (/var/www/trackstar/protected/views/issue/index.php:10)
Stack trace:
#0 /var/www/yii-1.1.12.b600af/framework/web/CController.php(870): IssueController->renderFile()
#1 /var/www/yii-1.1.12.b600af/framework/web/CController.php(783): IssueController->renderPartial()
#2 /var/www/trackstar/protected/controllers/IssueController.php(159): IssueController->render()
#3 /var/www/yii-1.1.12.b600af/framework/web/actions/CInlineAction.php(50): IssueController->actionIndex()
#4 /var/www/yii-1.1.12.b600af/framework/web/CController.php(309): CInlineAction->runWithParams()
#5 /var/www/yii-1.1.12.b600af/framework/web/filters/CFilterChain.php(134): IssueController->runAction()
#6 /var/www/trackstar/protected/controllers/IssueController.php(222): CFilterChain->run()
#7 /var/www/yii-1.1.12.b600af/framework/web/filters/CInlineFilter.php(59): IssueController->filterProjectContext()
#8 /var/www/yii-1.1.12.b600af/framework/web/filters/CFilterChain.php(131): CInlineFilter->filter()
#9 /var/www/yii-1.1.12.b600af/framework/web/filters/CFilter.php(41): CFilterChain->run()
#10 /var/www/yii-1.1.12.b600af/framework/web/CController.php(1146): CAccessControlFilter->filter()
#11 /var/www/yii-1.1.12.b600af/framework/web/filters/CInlineFilter.php(59): IssueController->filterAccessControl()
#12 /var/www/yii-1.1.12.b600af/framework/web/filters/CFilterChain.php(131): CInlineFilter->filter()
#13 /var/www/yii-1.1.12.b600af/framework/web/CController.php(292): CFilterChain->run()
#14 /var/www/yii-1.1.12.b600af/framework/web/CController.php(266): IssueController->runActionWithFilters()
#15 /var/www/yii-1.1.12.b600af/framework/web/CWebApplication.php(283): IssueController->run()
#16 /var/www/yii-1.1.12.b600af/framework/web/CWebApplication.php(142): CWebApplication->runController()
#17 /var/www/yii-1.1.12.b600af/framework/base/CApplication.php(162): CWebApplication->processRequest()
#18 /var/www/trackstar/index.php(13): CWebApplication->run()
REQUEST_URI=/trackstar/index.php?r=issue/index&pid=4
in /var/www/trackstar/protected/views/issue/index.php (10)
in /var/www/trackstar/protected/controllers/IssueController.php (159)
in /var/www/trackstar/protected/controllers/IssueController.php (222)
2012/11/09 09:28:20 [error] [exception.CException] exception 'CException' with message 'Property "User.password_repeat" is not defined.' in /var/www/yii-1.1.12.b600af/framework/base/CComponent.php:131
Stack trace:
#0 /var/www/yii-1.1.12.b600af/framework/db/ar/CActiveRecord.php(144): CComponent->__get('password_repeat')
#1 /var/www/yii-1.1.12.b600af/framework/web/helpers/CHtml.php(2158): CActiveRecord->__get('password_repeat')
#2 /var/www/yii-1.1.12.b600af/framework/web/helpers/CHtml.php(1887): CHtml::resolveValue(Object(User), 'password_repeat')
#3 /var/www/yii-1.1.12.b600af/framework/web/helpers/CHtml.php(1351): CHtml::activeInputField('password', Object(User), 'password_repeat', Array)
#4 /var/www/yii-1.1.12.b600af/framework/web/widgets/CActiveForm.php(688): CHtml::activePasswordField(Object(User), 'password_repeat', Array)
#5 /var/www/trackstar/protected/views/user/_form.php(38): CActiveForm->passwordField(Object(User), 'password_repeat', Array)
#6 /var/www/yii-1.1.12.b600af/framework/web/CBaseController.php(127): require('/var/www/tracks...')
#7 /var/www/yii-1.1.12.b600af/framework/web/CBaseController.php(96): CBaseController->renderInternal('/var/www/tracks...', Array, true)
#8 /var/www/yii-1.1.12.b600af/framework/web/CController.php(870): CBaseController->renderFile('/var/www/tracks...', Array, true)
#9 /var/www/trackstar/protected/views/user/create.php(18): CController->renderPartial('_form', Array)
#10 /var/www/yii-1.1.12.b600af/framework/web/CBaseController.php(127): require('/var/www/tracks...')
#11 /var/www/yii-1.1.12.b600af/framework/web/CBaseController.php(96): CBaseController->renderInternal('/var/www/tracks...', Array, true)
#12 /var/www/yii-1.1.12.b600af/framework/web/CController.php(870): CBaseController->renderFile('/var/www/tracks...', Array, true)
#13 /var/www/yii-1.1.12.b600af/framework/web/CController.php(783): CController->renderPartial('create', Array, true)
#14 /var/www/trackstar/protected/controllers/UserController.php(79): CController->render('create', Array)
#15 /var/www/yii-1.1.12.b600af/framework/web/actions/CInlineAction.php(50): UserController->actionCreate()
#16 /var/www/yii-1.1.12.b600af/framework/web/CController.php(309): CInlineAction->runWithParams(Array)
#17 /var/www/yii-1.1.12.b600af/framework/web/filters/CFilterChain.php(134): CController->runAction(Object(CInlineAction))
#18 /var/www/yii-1.1.12.b600af/framework/web/filters/CFilter.php(41): CFilterChain->run()
#19 /var/www/yii-1.1.12.b600af/framework/web/CController.php(1146): CFilter->filter(Object(CFilterChain))
#20 /var/www/yii-1.1.12.b600af/framework/web/filters/CInlineFilter.php(59): CController->filterAccessControl(Object(CFilterChain))
#21 /var/www/yii-1.1.12.b600af/framework/web/filters/CFilterChain.php(131): CInlineFilter->filter(Object(CFilterChain))
#22 /var/www/yii-1.1.12.b600af/framework/web/CController.php(292): CFilterChain->run()
#23 /var/www/yii-1.1.12.b600af/framework/web/CController.php(266): CController->runActionWithFilters(Object(CInlineAction), Array)
#24 /var/www/yii-1.1.12.b600af/framework/web/CWebApplication.php(283): CController->run('create')
#25 /var/www/yii-1.1.12.b600af/framework/web/CWebApplication.php(142): CWebApplication->runController('user/create')
#26 /var/www/yii-1.1.12.b600af/framework/base/CApplication.php(162): CWebApplication->processRequest()
#27 /var/www/trackstar/index.php(13): CApplication->run()
#28 {main}
REQUEST_URI=/trackstar/index.php?r=user/create
---
